[2m2020-08-05 08:58:02.066[0;39m [32m INFO[0;39m [35m9832[0;39m [2m---[0;39m [2m[  restartedMain][0;39m [36m.e.DevToolsPropertyDefaultsPostProcessor[0;39m [2m:[0;39m Devtools property defaults active! Set 'spring.devtools.add-properties' to 'false' to disable
[2m2020-08-05 08:58:02.070[0;39m [32m INFO[0;39m [35m9832[0;39m [2m---[0;39m [2m[  restartedMain][0;39m [36m.e.DevToolsPropertyDefaultsPostProcessor[0;39m [2m:[0;39m For additional web related logging consider setting the 'logging.level.web' property to 'DEBUG'
[2m2020-08-05 08:58:02.821[0;39m [32m INFO[0;39m [35m9832[0;39m [2m---[0;39m [2m[  restartedMain][0;39m [36mtrationDelegate$BeanPostProcessorChecker[0;39m [2m:[0;39m Bean 'org.springframework.ws.config.annotation.DelegatingWsConfiguration' of type [org.springframework.ws.config.annotation.DelegatingWsConfiguration$$EnhancerBySpringCGLIB$$760545a7] is not eligible for getting processed by all BeanPostProcessors (for example: not eligible for auto-proxying)
[2m2020-08-05 08:58:02.840[0;39m [32m INFO[0;39m [35m9832[0;39m [2m---[0;39m [2m[  restartedMain][0;39m [36m.w.s.a.s.AnnotationActionEndpointMapping[0;39m [2m:[0;39m Supporting [WS-Addressing August 2004, WS-Addressing 1.0]
[2m2020-08-05 08:58:03.012[0;39m [32m INFO[0;39m [35m9832[0;39m [2m---[0;39m [2m[  restartedMain][0;39m [36mo.s.b.w.embedded.tomcat.TomcatWebServer [0;39m [2m:[0;39m Tomcat initialized with port(s): 9999 (http)
[2m2020-08-05 08:58:03.160[0;39m [32m INFO[0;39m [35m9832[0;39m [2m---[0;39m [2m[  restartedMain][0;39m [36mw.s.c.ServletWebServerApplicationContext[0;39m [2m:[0;39m Root WebApplicationContext: initialization completed in 1090 ms
[2m2020-08-05 08:58:03.606[0;39m [32m INFO[0;39m [35m9832[0;39m [2m---[0;39m [2m[  restartedMain][0;39m [36mo.s.s.concurrent.ThreadPoolTaskExecutor [0;39m [2m:[0;39m Initializing ExecutorService 'applicationTaskExecutor'
[2m2020-08-05 08:58:03.677[0;39m [32m INFO[0;39m [35m9832[0;39m [2m---[0;39m [2m[  restartedMain][0;39m [36mo.s.b.d.a.OptionalLiveReloadServer      [0;39m [2m:[0;39m LiveReload server is running on port 35729
[2m2020-08-05 08:58:03.696[0;39m [32m INFO[0;39m [35m9832[0;39m [2m---[0;39m [2m[  restartedMain][0;39m [36mo.s.b.a.w.s.WelcomePageHandlerMapping   [0;39m [2m:[0;39m Adding welcome page template: index
[2m2020-08-05 08:58:03.824[0;39m [32m INFO[0;39m [35m9832[0;39m [2m---[0;39m [2m[  restartedMain][0;39m [36mo.s.b.w.embedded.tomcat.TomcatWebServer [0;39m [2m:[0;39m Tomcat started on port(s): 9999 (http) with context path '/ssafy'
[2m2020-08-05 08:58:20.954[0;39m [32m INFO[0;39m [35m9832[0;39m [2m---[0;39m [2m[nio-9999-exec-1][0;39m [36mo.s.web.servlet.DispatcherServlet       [0;39m [2m:[0;39m Initializing Servlet 'dispatcherServlet'
[2m2020-08-05 08:58:20.958[0;39m [32m INFO[0;39m [35m9832[0;39m [2m---[0;39m [2m[nio-9999-exec-1][0;39m [36mo.s.web.servlet.DispatcherServlet       [0;39m [2m:[0;39m Completed initialization in 3 ms
[2m2020-08-05 08:58:21.002[0;39m [32mDEBUG[0;39m [35m9832[0;39m [2m---[0;39m [2m[nio-9999-exec-2][0;39m [36mcom.ssafy.controller.NoticeController   [0;39m [2m:[0;39m login - 호출
[2m2020-08-05 08:58:22.753[0;39m [32mDEBUG[0;39m [35m9832[0;39m [2m---[0;39m [2m[nio-9999-exec-3][0;39m [36mcom.ssafy.controller.NoticeController   [0;39m [2m:[0;39m 신고 리스트 조회 - 호출
[2m2020-08-05 09:47:23.802[0;39m [32mDEBUG[0;39m [35m9832[0;39m [2m---[0;39m [2m[nio-9999-exec-5][0;39m [36mcom.ssafy.controller.NoticeController   [0;39m [2m:[0;39m login - 호출
[2m2020-08-05 09:47:25.484[0;39m [32mDEBUG[0;39m [35m9832[0;39m [2m---[0;39m [2m[nio-9999-exec-6][0;39m [36mcom.ssafy.controller.NoticeController   [0;39m [2m:[0;39m 신고 리스트 조회 - 호출
[2m2020-08-05 09:54:48.417[0;39m [32mDEBUG[0;39m [35m9832[0;39m [2m---[0;39m [2m[nio-9999-exec-8][0;39m [36mcom.ssafy.controller.NoticeController   [0;39m [2m:[0;39m login - 호출
[2m2020-08-05 10:02:02.127[0;39m [32mDEBUG[0;39m [35m9832[0;39m [2m---[0;39m [2m[nio-9999-exec-9][0;39m [36mcom.ssafy.controller.NoticeController   [0;39m [2m:[0;39m login - 호출
[2m2020-08-05 10:03:52.365[0;39m [32mDEBUG[0;39m [35m9832[0;39m [2m---[0;39m [2m[nio-9999-exec-2][0;39m [36mcom.ssafy.controller.NoticeController   [0;39m [2m:[0;39m login - 호출
[2m2020-08-05 10:07:41.930[0;39m [32mDEBUG[0;39m [35m9832[0;39m [2m---[0;39m [2m[nio-9999-exec-4][0;39m [36mcom.ssafy.controller.NoticeController   [0;39m [2m:[0;39m login - 호출
[2m2020-08-05 10:11:49.871[0;39m [32mDEBUG[0;39m [35m9832[0;39m [2m---[0;39m [2m[nio-9999-exec-6][0;39m [36mcom.ssafy.controller.NoticeController   [0;39m [2m:[0;39m login - 호출
[2m2020-08-05 10:14:22.462[0;39m [32mDEBUG[0;39m [35m9832[0;39m [2m---[0;39m [2m[nio-9999-exec-8][0;39m [36mcom.ssafy.controller.NoticeController   [0;39m [2m:[0;39m retrieveNotice - 호출
[2m2020-08-05 10:15:48.335[0;39m [32mDEBUG[0;39m [35m9832[0;39m [2m---[0;39m [2m[nio-9999-exec-9][0;39m [36mcom.ssafy.controller.NoticeController   [0;39m [2m:[0;39m login - 호출
[2m2020-08-05 10:17:17.335[0;39m [32mDEBUG[0;39m [35m9832[0;39m [2m---[0;39m [2m[nio-9999-exec-2][0;39m [36mcom.ssafy.controller.NoticeController   [0;39m [2m:[0;39m login - 호출
[2m2020-08-05 10:26:24.933[0;39m [32mDEBUG[0;39m [35m9832[0;39m [2m---[0;39m [2m[nio-9999-exec-4][0;39m [36mcom.ssafy.controller.NoticeController   [0;39m [2m:[0;39m login - 호출
[2m2020-08-05 10:30:09.607[0;39m [32mDEBUG[0;39m [35m9832[0;39m [2m---[0;39m [2m[nio-9999-exec-6][0;39m [36mcom.ssafy.controller.NoticeController   [0;39m [2m:[0;39m login - 호출
[2m2020-08-05 10:31:09.681[0;39m [32mDEBUG[0;39m [35m9832[0;39m [2m---[0;39m [2m[nio-9999-exec-8][0;39m [36mcom.ssafy.controller.NoticeController   [0;39m [2m:[0;39m login - 호출
[2m2020-08-05 10:32:50.631[0;39m [32mDEBUG[0;39m [35m9832[0;39m [2m---[0;39m [2m[nio-9999-exec-9][0;39m [36mcom.ssafy.controller.NoticeController   [0;39m [2m:[0;39m login - 호출
[2m2020-08-05 10:37:31.258[0;39m [32mDEBUG[0;39m [35m9832[0;39m [2m---[0;39m [2m[nio-9999-exec-2][0;39m [36mcom.ssafy.controller.NoticeController   [0;39m [2m:[0;39m login - 호출
[2m2020-08-05 10:42:13.800[0;39m [32mDEBUG[0;39m [35m9832[0;39m [2m---[0;39m [2m[nio-9999-exec-5][0;39m [36mcom.ssafy.controller.NoticeController   [0;39m [2m:[0;39m login - 호출
[2m2020-08-05 10:44:17.619[0;39m [32mDEBUG[0;39m [35m9832[0;39m [2m---[0;39m [2m[nio-9999-exec-7][0;39m [36mcom.ssafy.controller.NoticeController   [0;39m [2m:[0;39m login - 호출
[2m2020-08-05 10:44:37.883[0;39m [32mDEBUG[0;39m [35m9832[0;39m [2m---[0;39m [2m[nio-9999-exec-8][0;39m [36mcom.ssafy.controller.NoticeController   [0;39m [2m:[0;39m login - 호출
[2m2020-08-05 10:45:30.945[0;39m [32mDEBUG[0;39m [35m9832[0;39m [2m---[0;39m [2m[io-9999-exec-10][0;39m [36mcom.ssafy.controller.NoticeController   [0;39m [2m:[0;39m login - 호출
[2m2020-08-05 10:46:31.097[0;39m [32mDEBUG[0;39m [35m9832[0;39m [2m---[0;39m [2m[nio-9999-exec-1][0;39m [36mcom.ssafy.controller.NoticeController   [0;39m [2m:[0;39m login - 호출
[2m2020-08-05 10:46:56.651[0;39m [32mDEBUG[0;39m [35m9832[0;39m [2m---[0;39m [2m[nio-9999-exec-2][0;39m [36mcom.ssafy.controller.NoticeController   [0;39m [2m:[0;39m login - 호출
[2m2020-08-05 10:47:11.762[0;39m [32mDEBUG[0;39m [35m9832[0;39m [2m---[0;39m [2m[nio-9999-exec-3][0;39m [36mcom.ssafy.controller.NoticeController   [0;39m [2m:[0;39m login - 호출
[2m2020-08-05 10:48:20.160[0;39m [32mDEBUG[0;39m [35m9832[0;39m [2m---[0;39m [2m[nio-9999-exec-5][0;39m [36mcom.ssafy.controller.NoticeController   [0;39m [2m:[0;39m login - 호출
[2m2020-08-05 10:49:03.878[0;39m [32mDEBUG[0;39m [35m9832[0;39m [2m---[0;39m [2m[nio-9999-exec-6][0;39m [36mcom.ssafy.controller.NoticeController   [0;39m [2m:[0;39m login - 호출
[2m2020-08-05 10:49:33.698[0;39m [32mDEBUG[0;39m [35m9832[0;39m [2m---[0;39m [2m[nio-9999-exec-7][0;39m [36mcom.ssafy.controller.NoticeController   [0;39m [2m:[0;39m login - 호출
[2m2020-08-05 10:50:03.444[0;39m [32mDEBUG[0;39m [35m9832[0;39m [2m---[0;39m [2m[nio-9999-exec-8][0;39m [36mcom.ssafy.controller.NoticeController   [0;39m [2m:[0;39m login - 호출
[2m2020-08-05 10:57:24.267[0;39m [32mDEBUG[0;39m [35m9832[0;39m [2m---[0;39m [2m[nio-9999-exec-9][0;39m [36mcom.ssafy.controller.NoticeController   [0;39m [2m:[0;39m login - 호출
[2m2020-08-05 11:05:13.454[0;39m [32mDEBUG[0;39m [35m9832[0;39m [2m---[0;39m [2m[nio-9999-exec-2][0;39m [36mcom.ssafy.controller.NoticeController   [0;39m [2m:[0;39m 신고 리스트 조회 - 호출
[2m2020-08-05 11:05:31.186[0;39m [32mDEBUG[0;39m [35m9832[0;39m [2m---[0;39m [2m[nio-9999-exec-3][0;39m [36mcom.ssafy.controller.NoticeController   [0;39m [2m:[0;39m 신고 리스트 조회 - 호출
[2m2020-08-05 11:05:34.313[0;39m [32mDEBUG[0;39m [35m9832[0;39m [2m---[0;39m [2m[nio-9999-exec-4][0;39m [36mcom.ssafy.controller.NoticeController   [0;39m [2m:[0;39m 신고 리스트 조회 - 호출
[2m2020-08-05 11:05:36.523[0;39m [32mDEBUG[0;39m [35m9832[0;39m [2m---[0;39m [2m[nio-9999-exec-5][0;39m [36mcom.ssafy.controller.NoticeController   [0;39m [2m:[0;39m 신고 리스트 조회 - 호출
[2m2020-08-05 11:06:11.123[0;39m [32mDEBUG[0;39m [35m9832[0;39m [2m---[0;39m [2m[nio-9999-exec-6][0;39m [36mcom.ssafy.controller.NoticeController   [0;39m [2m:[0;39m login - 호출
[2m2020-08-05 11:06:33.753[0;39m [32mDEBUG[0;39m [35m9832[0;39m [2m---[0;39m [2m[nio-9999-exec-7][0;39m [36mcom.ssafy.controller.NoticeController   [0;39m [2m:[0;39m 신고 리스트 조회 - 호출
[2m2020-08-05 11:06:37.532[0;39m [32mDEBUG[0;39m [35m9832[0;39m [2m---[0;39m [2m[nio-9999-exec-8][0;39m [36mcom.ssafy.controller.NoticeController   [0;39m [2m:[0;39m 신고 리스트 조회 - 호출
[2m2020-08-05 11:06:39.387[0;39m [32mDEBUG[0;39m [35m9832[0;39m [2m---[0;39m [2m[io-9999-exec-10][0;39m [36mcom.ssafy.controller.NoticeController   [0;39m [2m:[0;39m 신고 리스트 조회 - 호출
[2m2020-08-05 11:06:42.229[0;39m [32mDEBUG[0;39m [35m9832[0;39m [2m---[0;39m [2m[nio-9999-exec-9][0;39m [36mcom.ssafy.controller.NoticeController   [0;39m [2m:[0;39m 신고 리스트 조회 - 호출
[2m2020-08-05 11:06:50.263[0;39m [32mDEBUG[0;39m [35m9832[0;39m [2m---[0;39m [2m[nio-9999-exec-1][0;39m [36mcom.ssafy.controller.NoticeController   [0;39m [2m:[0;39m 신고 리스트 조회 - 호출
[2m2020-08-05 11:06:54.668[0;39m [32mDEBUG[0;39m [35m9832[0;39m [2m---[0;39m [2m[nio-9999-exec-2][0;39m [36mcom.ssafy.controller.NoticeController   [0;39m [2m:[0;39m 신고 리스트 조회 - 호출
[2m2020-08-05 11:06:57.914[0;39m [32mDEBUG[0;39m [35m9832[0;39m [2m---[0;39m [2m[nio-9999-exec-3][0;39m [36mcom.ssafy.controller.NoticeController   [0;39m [2m:[0;39m 신고 리스트 조회 - 호출
[2m2020-08-05 11:07:45.199[0;39m [32mDEBUG[0;39m [35m9832[0;39m [2m---[0;39m [2m[nio-9999-exec-4][0;39m [36mcom.ssafy.controller.NoticeController   [0;39m [2m:[0;39m login - 호출
[2m2020-08-05 11:07:47.493[0;39m [32mDEBUG[0;39m [35m9832[0;39m [2m---[0;39m [2m[nio-9999-exec-5][0;39m [36mcom.ssafy.controller.NoticeController   [0;39m [2m:[0;39m 신고 리스트 조회 - 호출
[2m2020-08-05 11:09:46.927[0;39m [32mDEBUG[0;39m [35m9832[0;39m [2m---[0;39m [2m[nio-9999-exec-6][0;39m [36mcom.ssafy.controller.NoticeController   [0;39m [2m:[0;39m login - 호출
[2m2020-08-05 11:09:47.771[0;39m [32mDEBUG[0;39m [35m9832[0;39m [2m---[0;39m [2m[nio-9999-exec-7][0;39m [36mcom.ssafy.controller.NoticeController   [0;39m [2m:[0;39m 신고 리스트 조회 - 호출
[2m2020-08-05 11:12:10.315[0;39m [32mDEBUG[0;39m [35m9832[0;39m [2m---[0;39m [2m[nio-9999-exec-8][0;39m [36mcom.ssafy.controller.NoticeController   [0;39m [2m:[0;39m 신고 리스트 조회 - 호출
[2m2020-08-05 11:12:19.778[0;39m [32mDEBUG[0;39m [35m9832[0;39m [2m---[0;39m [2m[io-9999-exec-10][0;39m [36mcom.ssafy.controller.NoticeController   [0;39m [2m:[0;39m 신고 리스트 조회 - 호출
[2m2020-08-05 11:12:31.623[0;39m [32mDEBUG[0;39m [35m9832[0;39m [2m---[0;39m [2m[nio-9999-exec-9][0;39m [36mcom.ssafy.controller.NoticeController   [0;39m [2m:[0;39m login - 호출
[2m2020-08-05 11:12:51.438[0;39m [32mDEBUG[0;39m [35m9832[0;39m [2m---[0;39m [2m[nio-9999-exec-1][0;39m [36mcom.ssafy.controller.NoticeController   [0;39m [2m:[0;39m login - 호출
[2m2020-08-05 11:17:19.789[0;39m [32mDEBUG[0;39m [35m9832[0;39m [2m---[0;39m [2m[nio-9999-exec-3][0;39m [36mcom.ssafy.controller.NoticeController   [0;39m [2m:[0;39m login - 호출
[2m2020-08-05 11:17:50.027[0;39m [32mDEBUG[0;39m [35m9832[0;39m [2m---[0;39m [2m[nio-9999-exec-4][0;39m [36mcom.ssafy.controller.NoticeController   [0;39m [2m:[0;39m login - 호출
[2m2020-08-05 11:18:15.548[0;39m [32mDEBUG[0;39m [35m9832[0;39m [2m---[0;39m [2m[nio-9999-exec-5][0;39m [36mcom.ssafy.controller.NoticeController   [0;39m [2m:[0;39m login - 호출
[2m2020-08-05 11:19:28.618[0;39m [32mDEBUG[0;39m [35m9832[0;39m [2m---[0;39m [2m[nio-9999-exec-7][0;39m [36mcom.ssafy.controller.NoticeController   [0;39m [2m:[0;39m 신고 리스트 조회 - 호출
[2m2020-08-05 11:19:39.086[0;39m [32mDEBUG[0;39m [35m9832[0;39m [2m---[0;39m [2m[nio-9999-exec-8][0;39m [36mcom.ssafy.controller.NoticeController   [0;39m [2m:[0;39m 신고 리스트 조회 - 호출
[2m2020-08-05 11:20:28.708[0;39m [32mDEBUG[0;39m [35m9832[0;39m [2m---[0;39m [2m[io-9999-exec-10][0;39m [36mcom.ssafy.controller.NoticeController   [0;39m [2m:[0;39m 신고 리스트 조회 - 호출
[2m2020-08-05 11:20:31.162[0;39m [32mDEBUG[0;39m [35m9832[0;39m [2m---[0;39m [2m[nio-9999-exec-9][0;39m [36mcom.ssafy.controller.NoticeController   [0;39m [2m:[0;39m 신고 리스트 조회 - 호출
[2m2020-08-05 11:21:07.336[0;39m [32mDEBUG[0;39m [35m9832[0;39m [2m---[0;39m [2m[nio-9999-exec-1][0;39m [36mcom.ssafy.controller.NoticeController   [0;39m [2m:[0;39m login - 호출
[2m2020-08-05 11:21:58.486[0;39m [32mDEBUG[0;39m [35m9832[0;39m [2m---[0;39m [2m[nio-9999-exec-2][0;39m [36mcom.ssafy.controller.NoticeController   [0;39m [2m:[0;39m login - 호출
[2m2020-08-05 11:22:55.167[0;39m [32mDEBUG[0;39m [35m9832[0;39m [2m---[0;39m [2m[nio-9999-exec-3][0;39m [36mcom.ssafy.controller.NoticeController   [0;39m [2m:[0;39m login - 호출
[2m2020-08-05 11:23:08.738[0;39m [32mDEBUG[0;39m [35m9832[0;39m [2m---[0;39m [2m[nio-9999-exec-4][0;39m [36mcom.ssafy.controller.NoticeController   [0;39m [2m:[0;39m login - 호출
[2m2020-08-05 11:24:09.453[0;39m [32mDEBUG[0;39m [35m9832[0;39m [2m---[0;39m [2m[nio-9999-exec-6][0;39m [36mcom.ssafy.controller.NoticeController   [0;39m [2m:[0;39m login - 호출
[2m2020-08-05 11:24:23.720[0;39m [32mDEBUG[0;39m [35m9832[0;39m [2m---[0;39m [2m[nio-9999-exec-7][0;39m [36mcom.ssafy.controller.NoticeController   [0;39m [2m:[0;39m 신고 리스트 조회 - 호출
[2m2020-08-05 11:28:39.360[0;39m [32mDEBUG[0;39m [35m9832[0;39m [2m---[0;39m [2m[io-9999-exec-10][0;39m [36mcom.ssafy.controller.NoticeController   [0;39m [2m:[0;39m login - 호출
[2m2020-08-05 12:31:14.047[0;39m [32mDEBUG[0;39m [35m9832[0;39m [2m---[0;39m [2m[nio-9999-exec-2][0;39m [36mcom.ssafy.controller.NoticeController   [0;39m [2m:[0;39m login - 호출
[2m2020-08-05 12:44:14.457[0;39m [32mDEBUG[0;39m [35m9832[0;39m [2m---[0;39m [2m[nio-9999-exec-4][0;39m [36mcom.ssafy.controller.NoticeController   [0;39m [2m:[0;39m 신고 리스트 조회 - 호출
[2m2020-08-05 12:44:25.286[0;39m [32mDEBUG[0;39m [35m9832[0;39m [2m---[0;39m [2m[nio-9999-exec-5][0;39m [36mcom.ssafy.controller.NoticeController   [0;39m [2m:[0;39m 신고 리스트 조회 - 호출
[2m2020-08-05 12:44:56.229[0;39m [32mDEBUG[0;39m [35m9832[0;39m [2m---[0;39m [2m[nio-9999-exec-6][0;39m [36mcom.ssafy.controller.NoticeController   [0;39m [2m:[0;39m login - 호출
[2m2020-08-05 12:45:02.289[0;39m [32mDEBUG[0;39m [35m9832[0;39m [2m---[0;39m [2m[nio-9999-exec-7][0;39m [36mcom.ssafy.controller.NoticeController   [0;39m [2m:[0;39m 신고 리스트 조회 - 호출
[2m2020-08-05 12:46:20.180[0;39m [32mDEBUG[0;39m [35m9832[0;39m [2m---[0;39m [2m[io-9999-exec-10][0;39m [36mcom.ssafy.controller.NoticeController   [0;39m [2m:[0;39m login - 호출
[2m2020-08-05 12:48:32.317[0;39m [32mDEBUG[0;39m [35m9832[0;39m [2m---[0;39m [2m[nio-9999-exec-1][0;39m [36mcom.ssafy.controller.NoticeController   [0;39m [2m:[0;39m login - 호출
[2m2020-08-05 12:54:17.493[0;39m [32mDEBUG[0;39m [35m9832[0;39m [2m---[0;39m [2m[nio-9999-exec-3][0;39m [36mcom.ssafy.controller.NoticeController   [0;39m [2m:[0;39m login - 호출
[2m2020-08-05 12:55:41.386[0;39m [33m WARN[0;39m [35m9832[0;39m [2m---[0;39m [2m[nio-9999-exec-5][0;39m [36m.w.s.m.s.DefaultHandlerExceptionResolver[0;39m [2m:[0;39m Resolved [org.springframework.web.method.annotation.MethodArgumentTypeMismatchException: Failed to convert value of type 'java.lang.String' to required type 'int'; nested exception is java.lang.NumberFormatException: For input string: "userNo"]
[2m2020-08-05 12:56:51.007[0;39m [33m WARN[0;39m [35m9832[0;39m [2m---[0;39m [2m[nio-9999-exec-6][0;39m [36m.w.s.m.s.DefaultHandlerExceptionResolver[0;39m [2m:[0;39m Resolved [org.springframework.web.method.annotation.MethodArgumentTypeMismatchException: Failed to convert value of type 'java.lang.String' to required type 'int'; nested exception is java.lang.NumberFormatException: For input string: "null"]
[2m2020-08-05 12:57:02.483[0;39m [33m WARN[0;39m [35m9832[0;39m [2m---[0;39m [2m[nio-9999-exec-7][0;39m [36m.w.s.m.s.DefaultHandlerExceptionResolver[0;39m [2m:[0;39m Resolved [org.springframework.web.method.annotation.MethodArgumentTypeMismatchException: Failed to convert value of type 'java.lang.String' to required type 'int'; nested exception is java.lang.NumberFormatException: For input string: "null"]
[2m2020-08-05 13:05:35.347[0;39m [32mDEBUG[0;39m [35m9832[0;39m [2m---[0;39m [2m[nio-9999-exec-8][0;39m [36mcom.ssafy.controller.NoticeController   [0;39m [2m:[0;39m login - 호출
[2m2020-08-05 13:12:08.092[0;39m [32mDEBUG[0;39m [35m9832[0;39m [2m---[0;39m [2m[nio-9999-exec-9][0;39m [36mcom.ssafy.controller.NoticeController   [0;39m [2m:[0;39m login - 호출
[2m2020-08-05 13:14:34.960[0;39m [32mDEBUG[0;39m [35m9832[0;39m [2m---[0;39m [2m[nio-9999-exec-2][0;39m [36mcom.ssafy.controller.NoticeController   [0;39m [2m:[0;39m login - 호출
[2m2020-08-05 13:14:51.633[0;39m [32mDEBUG[0;39m [35m9832[0;39m [2m---[0;39m [2m[nio-9999-exec-3][0;39m [36mcom.ssafy.controller.NoticeController   [0;39m [2m:[0;39m login - 호출
[2m2020-08-05 13:18:06.756[0;39m [33m WARN[0;39m [35m9832[0;39m [2m---[0;39m [2m[nio-9999-exec-5][0;39m [36m.w.s.m.s.DefaultHandlerExceptionResolver[0;39m [2m:[0;39m Resolved [org.springframework.web.method.annotation.MethodArgumentTypeMismatchException: Failed to convert value of type 'java.lang.String' to required type 'int'; nested exception is java.lang.NumberFormatException: For input string: "null"]
[2m2020-08-05 13:33:03.364[0;39m [33m WARN[0;39m [35m9832[0;39m [2m---[0;39m [2m[nio-9999-exec-6][0;39m [36m.w.s.m.s.DefaultHandlerExceptionResolver[0;39m [2m:[0;39m Resolved [org.springframework.web.method.annotation.MethodArgumentTypeMismatchException: Failed to convert value of type 'java.lang.String' to required type 'int'; nested exception is java.lang.NumberFormatException: For input string: "undefined"]
[2m2020-08-05 13:33:33.373[0;39m [33m WARN[0;39m [35m9832[0;39m [2m---[0;39m [2m[nio-9999-exec-7][0;39m [36m.w.s.m.s.DefaultHandlerExceptionResolver[0;39m [2m:[0;39m Resolved [org.springframework.web.method.annotation.MethodArgumentTypeMismatchException: Failed to convert value of type 'java.lang.String' to required type 'int'; nested exception is java.lang.NumberFormatException: For input string: "{"session-id":"sess:1596600891637","email":"sejong","userNo":1}"]
[2m2020-08-05 13:35:33.617[0;39m [33m WARN[0;39m [35m9832[0;39m [2m---[0;39m [2m[nio-9999-exec-8][0;39m [36m.w.s.m.s.DefaultHandlerExceptionResolver[0;39m [2m:[0;39m Resolved [org.springframework.web.method.annotation.MethodArgumentTypeMismatchException: Failed to convert value of type 'java.lang.String' to required type 'int'; nested exception is java.lang.NumberFormatException: For input string: "{"session-id":"sess:1596600891637","email":"sejong","userNo":1}"]
[2m2020-08-05 13:35:44.228[0;39m [33m WARN[0;39m [35m9832[0;39m [2m---[0;39m [2m[io-9999-exec-10][0;39m [36m.w.s.m.s.DefaultHandlerExceptionResolver[0;39m [2m:[0;39m Resolved [org.springframework.web.method.annotation.MethodArgumentTypeMismatchException: Failed to convert value of type 'java.lang.String' to required type 'int'; nested exception is java.lang.NumberFormatException: For input string: "undefined"]
[2m2020-08-05 13:35:51.946[0;39m [33m WARN[0;39m [35m9832[0;39m [2m---[0;39m [2m[nio-9999-exec-9][0;39m [36m.w.s.m.s.DefaultHandlerExceptionResolver[0;39m [2m:[0;39m Resolved [org.springframework.web.method.annotation.MethodArgumentTypeMismatchException: Failed to convert value of type 'java.lang.String' to required type 'int'; nested exception is java.lang.NumberFormatException: For input string: "undefined"]
[2m2020-08-05 13:35:53.175[0;39m [33m WARN[0;39m [35m9832[0;39m [2m---[0;39m [2m[nio-9999-exec-1][0;39m [36m.w.s.m.s.DefaultHandlerExceptionResolver[0;39m [2m:[0;39m Resolved [org.springframework.web.method.annotation.MethodArgumentTypeMismatchException: Failed to convert value of type 'java.lang.String' to required type 'int'; nested exception is java.lang.NumberFormatException: For input string: "undefined"]
[2m2020-08-05 13:40:21.040[0;39m [32mDEBUG[0;39m [35m9832[0;39m [2m---[0;39m [2m[nio-9999-exec-2][0;39m [36mcom.ssafy.controller.NoticeController   [0;39m [2m:[0;39m login - 호출
[2m2020-08-05 13:50:43.624[0;39m [33m WARN[0;39m [35m9832[0;39m [2m---[0;39m [2m[nio-9999-exec-4][0;39m [36m.w.s.m.s.DefaultHandlerExceptionResolver[0;39m [2m:[0;39m Resolved [org.springframework.web.method.annotation.MethodArgumentTypeMismatchException: Failed to convert value of type 'java.lang.String' to required type 'int'; nested exception is java.lang.NumberFormatException: For input string: "undefined"]
[2m2020-08-05 14:01:53.286[0;39m [33m WARN[0;39m [35m9832[0;39m [2m---[0;39m [2m[nio-9999-exec-5][0;39m [36m.w.s.m.s.DefaultHandlerExceptionResolver[0;39m [2m:[0;39m Resolved [org.springframework.web.HttpRequestMethodNotSupportedException: Request method 'GET' not supported]
[2m2020-08-05 14:03:37.574[0;39m [33m WARN[0;39m [35m9832[0;39m [2m---[0;39m [2m[nio-9999-exec-7][0;39m [36m.w.s.m.s.DefaultHandlerExceptionResolver[0;39m [2m:[0;39m Resolved [org.springframework.web.HttpRequestMethodNotSupportedException: Request method 'GET' not supported]
[2m2020-08-05 14:03:40.462[0;39m [33m WARN[0;39m [35m9832[0;39m [2m---[0;39m [2m[nio-9999-exec-8][0;39m [36m.w.s.m.s.DefaultHandlerExceptionResolver[0;39m [2m:[0;39m Resolved [org.springframework.web.HttpRequestMethodNotSupportedException: Request method 'GET' not supported]
[2m2020-08-05 14:05:51.806[0;39m [33m WARN[0;39m [35m9832[0;39m [2m---[0;39m [2m[nio-9999-exec-9][0;39m [36m.w.s.m.s.DefaultHandlerExceptionResolver[0;39m [2m:[0;39m Resolved [org.springframework.web.HttpRequestMethodNotSupportedException: Request method 'GET' not supported]
[2m2020-08-05 14:09:54.717[0;39m [33m WARN[0;39m [35m9832[0;39m [2m---[0;39m [2m[nio-9999-exec-2][0;39m [36m.w.s.m.s.DefaultHandlerExceptionResolver[0;39m [2m:[0;39m Resolved [org.springframework.web.HttpRequestMethodNotSupportedException: Request method 'GET' not supported]
[2m2020-08-05 14:11:26.864[0;39m [33m WARN[0;39m [35m9832[0;39m [2m---[0;39m [2m[nio-9999-exec-4][0;39m [36m.w.s.m.s.DefaultHandlerExceptionResolver[0;39m [2m:[0;39m Resolved [org.springframework.web.HttpRequestMethodNotSupportedException: Request method 'GET' not supported]
[2m2020-08-05 14:11:26.869[0;39m [33m WARN[0;39m [35m9832[0;39m [2m---[0;39m [2m[nio-9999-exec-5][0;39m [36m.w.s.m.s.DefaultHandlerExceptionResolver[0;39m [2m:[0;39m Resolved [org.springframework.web.HttpRequestMethodNotSupportedException: Request method 'GET' not supported]
[2m2020-08-05 14:11:26.871[0;39m [33m WARN[0;39m [35m9832[0;39m [2m---[0;39m [2m[nio-9999-exec-6][0;39m [36m.w.s.m.s.DefaultHandlerExceptionResolver[0;39m [2m:[0;39m Resolved [org.springframework.web.HttpRequestMethodNotSupportedException: Request method 'GET' not supported]
[2m2020-08-05 14:15:27.383[0;39m [32mDEBUG[0;39m [35m9832[0;39m [2m---[0;39m [2m[io-9999-exec-10][0;39m [36mcom.ssafy.controller.NoticeController   [0;39m [2m:[0;39m 신고 리스트 조회 - 호출
[2m2020-08-05 14:15:27.402[0;39m [32mDEBUG[0;39m [35m9832[0;39m [2m---[0;39m [2m[nio-9999-exec-9][0;39m [36mcom.ssafy.controller.NoticeController   [0;39m [2m:[0;39m 신고 리스트 조회 - 호출
[2m2020-08-05 14:27:56.124[0;39m [32mDEBUG[0;39m [35m9832[0;39m [2m---[0;39m [2m[nio-9999-exec-2][0;39m [36mcom.ssafy.controller.NoticeController   [0;39m [2m:[0;39m 신고 리스트 조회 - 호출
[2m2020-08-05 14:27:59.643[0;39m [32mDEBUG[0;39m [35m9832[0;39m [2m---[0;39m [2m[nio-9999-exec-3][0;39m [36mcom.ssafy.controller.NoticeController   [0;39m [2m:[0;39m 신고 리스트 조회 - 호출
[2m2020-08-05 14:45:11.339[0;39m [32mDEBUG[0;39m [35m9832[0;39m [2m---[0;39m [2m[nio-9999-exec-5][0;39m [36mcom.ssafy.controller.NoticeController   [0;39m [2m:[0;39m 신고 리스트 조회 - 호출
[2m2020-08-05 14:45:14.296[0;39m [32mDEBUG[0;39m [35m9832[0;39m [2m---[0;39m [2m[nio-9999-exec-6][0;39m [36mcom.ssafy.controller.NoticeController   [0;39m [2m:[0;39m 신고 리스트 조회 - 호출
[2m2020-08-05 14:45:45.250[0;39m [32mDEBUG[0;39m [35m9832[0;39m [2m---[0;39m [2m[nio-9999-exec-7][0;39m [36mcom.ssafy.controller.NoticeController   [0;39m [2m:[0;39m 신고 리스트 조회 - 호출
[2m2020-08-05 14:45:51.681[0;39m [32mDEBUG[0;39m [35m9832[0;39m [2m---[0;39m [2m[nio-9999-exec-8][0;39m [36mcom.ssafy.controller.NoticeController   [0;39m [2m:[0;39m 신고 리스트 조회 - 호출
[2m2020-08-05 14:53:14.933[0;39m [32mDEBUG[0;39m [35m9832[0;39m [2m---[0;39m [2m[nio-9999-exec-9][0;39m [36mcom.ssafy.controller.NoticeController   [0;39m [2m:[0;39m 신고 리스트 조회 - 호출
[2m2020-08-05 14:53:52.610[0;39m [32mDEBUG[0;39m [35m9832[0;39m [2m---[0;39m [2m[nio-9999-exec-1][0;39m [36mcom.ssafy.controller.NoticeController   [0;39m [2m:[0;39m 신고 리스트 조회 - 호출
[2m2020-08-05 14:53:52.930[0;39m [32mDEBUG[0;39m [35m9832[0;39m [2m---[0;39m [2m[nio-9999-exec-2][0;39m [36mcom.ssafy.controller.NoticeController   [0;39m [2m:[0;39m 신고 리스트 조회 - 호출
[2m2020-08-05 14:53:53.941[0;39m [32mDEBUG[0;39m [35m9832[0;39m [2m---[0;39m [2m[nio-9999-exec-3][0;39m [36mcom.ssafy.controller.NoticeController   [0;39m [2m:[0;39m 신고 리스트 조회 - 호출
[2m2020-08-05 14:53:57.361[0;39m [33m WARN[0;39m [35m9832[0;39m [2m---[0;39m [2m[nio-9999-exec-4][0;39m [36m.w.s.m.s.DefaultHandlerExceptionResolver[0;39m [2m:[0;39m Resolved [org.springframework.web.method.annotation.MethodArgumentTypeMismatchException: Failed to convert value of type 'java.lang.String' to required type 'int'; nested exception is java.lang.NumberFormatException: For input string: "undefined"]
[2m2020-08-05 14:54:11.806[0;39m [32mDEBUG[0;39m [35m9832[0;39m [2m---[0;39m [2m[nio-9999-exec-6][0;39m [36mcom.ssafy.controller.NoticeController   [0;39m [2m:[0;39m login - 호출
[2m2020-08-05 14:54:13.087[0;39m [32mDEBUG[0;39m [35m9832[0;39m [2m---[0;39m [2m[nio-9999-exec-7][0;39m [36mcom.ssafy.controller.NoticeController   [0;39m [2m:[0;39m 신고 리스트 조회 - 호출
[2m2020-08-05 14:54:27.735[0;39m [32mDEBUG[0;39m [35m9832[0;39m [2m---[0;39m [2m[nio-9999-exec-8][0;39m [36mcom.ssafy.controller.NoticeController   [0;39m [2m:[0;39m 신고 리스트 조회 - 호출
[2m2020-08-05 14:54:32.495[0;39m [32mDEBUG[0;39m [35m9832[0;39m [2m---[0;39m [2m[io-9999-exec-10][0;39m [36mcom.ssafy.controller.NoticeController   [0;39m [2m:[0;39m 신고 리스트 조회 - 호출
[2m2020-08-05 15:08:34.645[0;39m [32mDEBUG[0;39m [35m9832[0;39m [2m---[0;39m [2m[nio-9999-exec-1][0;39m [36mcom.ssafy.controller.NoticeController   [0;39m [2m:[0;39m retrieveNotice - 호출
[2m2020-08-05 15:16:35.116[0;39m [32mDEBUG[0;39m [35m9832[0;39m [2m---[0;39m [2m[nio-9999-exec-3][0;39m [36mcom.ssafy.controller.NoticeController   [0;39m [2m:[0;39m retrieveNotice - 호출
[2m2020-08-05 15:33:17.786[0;39m [32mDEBUG[0;39m [35m9832[0;39m [2m---[0;39m [2m[nio-9999-exec-5][0;39m [36mcom.ssafy.controller.NoticeController   [0;39m [2m:[0;39m retrieveNotice - 호출
[2m2020-08-05 15:41:34.736[0;39m [32mDEBUG[0;39m [35m9832[0;39m [2m---[0;39m [2m[nio-9999-exec-7][0;39m [36mcom.ssafy.controller.NoticeController   [0;39m [2m:[0;39m retrieveNotice - 호출
[2m2020-08-05 15:42:06.051[0;39m [32mDEBUG[0;39m [35m9832[0;39m [2m---[0;39m [2m[nio-9999-exec-8][0;39m [36mcom.ssafy.controller.NoticeController   [0;39m [2m:[0;39m retrieveNotice - 호출
[2m2020-08-05 15:42:32.831[0;39m [32mDEBUG[0;39m [35m9832[0;39m [2m---[0;39m [2m[io-9999-exec-10][0;39m [36mcom.ssafy.controller.NoticeController   [0;39m [2m:[0;39m retrieveNotice - 호출
[2m2020-08-05 15:51:02.605[0;39m [32mDEBUG[0;39m [35m9832[0;39m [2m---[0;39m [2m[nio-9999-exec-2][0;39m [36mcom.ssafy.controller.NoticeController   [0;39m [2m:[0;39m 회원등록 - 호출
[2m2020-08-05 15:51:03.741[0;39m [33m WARN[0;39m [35m9832[0;39m [2m---[0;39m [2m[nio-9999-exec-3][0;39m [36m.w.s.m.s.DefaultHandlerExceptionResolver[0;39m [2m:[0;39m Resolved [org.springframework.web.method.annotation.MethodArgumentTypeMismatchException: Failed to convert value of type 'java.lang.String' to required type 'int'; nested exception is java.lang.NumberFormatException: For input string: "undefined"]
[2m2020-08-05 15:51:04.169[0;39m [33m WARN[0;39m [35m9832[0;39m [2m---[0;39m [2m[nio-9999-exec-4][0;39m [36m.w.s.m.s.DefaultHandlerExceptionResolver[0;39m [2m:[0;39m Resolved [org.springframework.web.method.annotation.MethodArgumentTypeMismatchException: Failed to convert value of type 'java.lang.String' to required type 'int'; nested exception is java.lang.NumberFormatException: For input string: "undefined"]
[2m2020-08-05 15:51:22.269[0;39m [32mDEBUG[0;39m [35m9832[0;39m [2m---[0;39m [2m[nio-9999-exec-5][0;39m [36mcom.ssafy.controller.NoticeController   [0;39m [2m:[0;39m login - 호출
[2m2020-08-05 15:51:23.547[0;39m [32mDEBUG[0;39m [35m9832[0;39m [2m---[0;39m [2m[nio-9999-exec-6][0;39m [36mcom.ssafy.controller.NoticeController   [0;39m [2m:[0;39m 신고 리스트 조회 - 호출
[2m2020-08-05 15:51:46.405[0;39m [32mDEBUG[0;39m [35m9832[0;39m [2m---[0;39m [2m[nio-9999-exec-7][0;39m [36mcom.ssafy.controller.NoticeController   [0;39m [2m:[0;39m 회원등록 - 호출
[2m2020-08-05 15:51:47.817[0;39m [33m WARN[0;39m [35m9832[0;39m [2m---[0;39m [2m[nio-9999-exec-8][0;39m [36m.w.s.m.s.DefaultHandlerExceptionResolver[0;39m [2m:[0;39m Resolved [org.springframework.web.method.annotation.MethodArgumentTypeMismatchException: Failed to convert value of type 'java.lang.String' to required type 'int'; nested exception is java.lang.NumberFormatException: For input string: "undefined"]
[2m2020-08-05 15:52:15.585[0;39m [33m WARN[0;39m [35m9832[0;39m [2m---[0;39m [2m[io-9999-exec-10][0;39m [36m.w.s.m.s.DefaultHandlerExceptionResolver[0;39m [2m:[0;39m Resolved [org.springframework.web.method.annotation.MethodArgumentTypeMismatchException: Failed to convert value of type 'java.lang.String' to required type 'int'; nested exception is java.lang.NumberFormatException: For input string: "undefined"]
[2m2020-08-05 15:52:26.304[0;39m [32mDEBUG[0;39m [35m9832[0;39m [2m---[0;39m [2m[nio-9999-exec-9][0;39m [36mcom.ssafy.controller.NoticeController   [0;39m [2m:[0;39m login - 호출
[2m2020-08-05 15:52:27.585[0;39m [32mDEBUG[0;39m [35m9832[0;39m [2m---[0;39m [2m[nio-9999-exec-1][0;39m [36mcom.ssafy.controller.NoticeController   [0;39m [2m:[0;39m 신고 리스트 조회 - 호출
[2m2020-08-05 15:53:13.536[0;39m [32mDEBUG[0;39m [35m9832[0;39m [2m---[0;39m [2m[nio-9999-exec-2][0;39m [36mcom.ssafy.controller.NoticeController   [0;39m [2m:[0;39m login - 호출
[2m2020-08-05 15:53:14.891[0;39m [32mDEBUG[0;39m [35m9832[0;39m [2m---[0;39m [2m[nio-9999-exec-3][0;39m [36mcom.ssafy.controller.NoticeController   [0;39m [2m:[0;39m 신고 리스트 조회 - 호출
[2m2020-08-05 15:53:31.964[0;39m [32mDEBUG[0;39m [35m9832[0;39m [2m---[0;39m [2m[nio-9999-exec-4][0;39m [36mcom.ssafy.controller.NoticeController   [0;39m [2m:[0;39m 신고 리스트 조회 - 호출
[2m2020-08-05 15:53:33.844[0;39m [32mDEBUG[0;39m [35m9832[0;39m [2m---[0;39m [2m[nio-9999-exec-5][0;39m [36mcom.ssafy.controller.NoticeController   [0;39m [2m:[0;39m 신고 리스트 조회 - 호출
[2m2020-08-05 15:54:05.404[0;39m [32mDEBUG[0;39m [35m9832[0;39m [2m---[0;39m [2m[nio-9999-exec-6][0;39m [36mcom.ssafy.controller.NoticeController   [0;39m [2m:[0;39m login - 호출
[2m2020-08-05 15:54:06.569[0;39m [32mDEBUG[0;39m [35m9832[0;39m [2m---[0;39m [2m[nio-9999-exec-7][0;39m [36mcom.ssafy.controller.NoticeController   [0;39m [2m:[0;39m 신고 리스트 조회 - 호출
[2m2020-08-05 15:54:09.369[0;39m [32mDEBUG[0;39m [35m9832[0;39m [2m---[0;39m [2m[nio-9999-exec-8][0;39m [36mcom.ssafy.controller.NoticeController   [0;39m [2m:[0;39m retrieveNotice - 호출
[2m2020-08-05 15:54:17.072[0;39m [32mDEBUG[0;39m [35m9832[0;39m [2m---[0;39m [2m[nio-9999-exec-9][0;39m [36mcom.ssafy.controller.NoticeController   [0;39m [2m:[0;39m writeNotice - 호출
[2m2020-08-05 15:54:55.320[0;39m [32mDEBUG[0;39m [35m9832[0;39m [2m---[0;39m [2m[nio-9999-exec-1][0;39m [36mcom.ssafy.controller.NoticeController   [0;39m [2m:[0;39m 신고 리스트 조회 - 호출
[2m2020-08-05 15:54:56.795[0;39m [32mDEBUG[0;39m [35m9832[0;39m [2m---[0;39m [2m[nio-9999-exec-2][0;39m [36mcom.ssafy.controller.NoticeController   [0;39m [2m:[0;39m retrieveNotice - 호출
[2m2020-08-05 15:56:04.415[0;39m [32m INFO[0;39m [35m9832[0;39m [2m---[0;39m [2m[     Thread-168][0;39m [36mo.s.s.concurrent.ThreadPoolTaskExecutor [0;39m [2m:[0;39m Shutting down ExecutorService 'applicationTaskExecutor'
[2m2020-08-05 15:56:04.853[0;39m [32m INFO[0;39m [35m9832[0;39m [2m---[0;39m [2m[  restartedMain][0;39m [36mtrationDelegate$BeanPostProcessorChecker[0;39m [2m:[0;39m Bean 'org.springframework.ws.config.annotation.DelegatingWsConfiguration' of type [org.springframework.ws.config.annotation.DelegatingWsConfiguration$$EnhancerBySpringCGLIB$$760545a7] is not eligible for getting processed by all BeanPostProcessors (for example: not eligible for auto-proxying)
[2m2020-08-05 15:56:04.855[0;39m [32m INFO[0;39m [35m9832[0;39m [2m---[0;39m [2m[  restartedMain][0;39m [36m.w.s.a.s.AnnotationActionEndpointMapping[0;39m [2m:[0;39m Supporting [WS-Addressing August 2004, WS-Addressing 1.0]
[2m2020-08-05 15:56:04.922[0;39m [32m INFO[0;39m [35m9832[0;39m [2m---[0;39m [2m[  restartedMain][0;39m [36mo.s.b.w.embedded.tomcat.TomcatWebServer [0;39m [2m:[0;39m Tomcat initialized with port(s): 9999 (http)
[2m2020-08-05 15:56:04.982[0;39m [32m INFO[0;39m [35m9832[0;39m [2m---[0;39m [2m[  restartedMain][0;39m [36mw.s.c.ServletWebServerApplicationContext[0;39m [2m:[0;39m Root WebApplicationContext: initialization completed in 455 ms
[2m2020-08-05 15:56:05.141[0;39m [32m INFO[0;39m [35m9832[0;39m [2m---[0;39m [2m[  restartedMain][0;39m [36mo.s.s.concurrent.ThreadPoolTaskExecutor [0;39m [2m:[0;39m Initializing ExecutorService 'applicationTaskExecutor'
[2m2020-08-05 15:56:05.147[0;39m [32m INFO[0;39m [35m9832[0;39m [2m---[0;39m [2m[  restartedMain][0;39m [36mo.s.b.d.a.OptionalLiveReloadServer      [0;39m [2m:[0;39m LiveReload server is running on port 35729
[2m2020-08-05 15:56:05.152[0;39m [32m INFO[0;39m [35m9832[0;39m [2m---[0;39m [2m[  restartedMain][0;39m [36mo.s.b.a.w.s.WelcomePageHandlerMapping   [0;39m [2m:[0;39m Adding welcome page template: index
[2m2020-08-05 15:56:05.201[0;39m [32m INFO[0;39m [35m9832[0;39m [2m---[0;39m [2m[  restartedMain][0;39m [36mo.s.b.w.embedded.tomcat.TomcatWebServer [0;39m [2m:[0;39m Tomcat started on port(s): 9999 (http) with context path '/ssafy'
[2m2020-08-05 15:56:05.259[0;39m [32m INFO[0;39m [35m9832[0;39m [2m---[0;39m [2m[  restartedMain][0;39m [36m.ConditionEvaluationDeltaLoggingListener[0;39m [2m:[0;39m Condition evaluation unchanged
[2m2020-08-05 15:56:10.303[0;39m [32m INFO[0;39m [35m9832[0;39m [2m---[0;39m [2m[nio-9999-exec-1][0;39m [36mo.s.web.servlet.DispatcherServlet       [0;39m [2m:[0;39m Initializing Servlet 'dispatcherServlet'
[2m2020-08-05 15:56:10.307[0;39m [32m INFO[0;39m [35m9832[0;39m [2m---[0;39m [2m[nio-9999-exec-1][0;39m [36mo.s.web.servlet.DispatcherServlet       [0;39m [2m:[0;39m Completed initialization in 3 ms
[2m2020-08-05 15:56:10.310[0;39m [32mDEBUG[0;39m [35m9832[0;39m [2m---[0;39m [2m[nio-9999-exec-1][0;39m [36mcom.ssafy.controller.NoticeController   [0;39m [2m:[0;39m writeNotice - 호출
[2m2020-08-05 15:56:11.353[0;39m [32mDEBUG[0;39m [35m9832[0;39m [2m---[0;39m [2m[nio-9999-exec-2][0;39m [36mcom.ssafy.controller.NoticeController   [0;39m [2m:[0;39m retrieveNotice - 호출
[2m2020-08-05 15:56:56.598[0;39m [32mDEBUG[0;39m [35m9832[0;39m [2m---[0;39m [2m[nio-9999-exec-3][0;39m [36mcom.ssafy.controller.NoticeController   [0;39m [2m:[0;39m writeNotice - 호출
[2m2020-08-05 15:56:57.595[0;39m [32mDEBUG[0;39m [35m9832[0;39m [2m---[0;39m [2m[nio-9999-exec-4][0;39m [36mcom.ssafy.controller.NoticeController   [0;39m [2m:[0;39m retrieveNotice - 호출
[2m2020-08-05 15:57:06.286[0;39m [32mDEBUG[0;39m [35m9832[0;39m [2m---[0;39m [2m[nio-9999-exec-5][0;39m [36mcom.ssafy.controller.NoticeController   [0;39m [2m:[0;39m retrieveNotice - 호출
[2m2020-08-05 15:57:09.189[0;39m [32mDEBUG[0;39m [35m9832[0;39m [2m---[0;39m [2m[nio-9999-exec-7][0;39m [36mcom.ssafy.controller.NoticeController   [0;39m [2m:[0;39m retrieveNotice - 호출
[2m2020-08-05 15:59:28.071[0;39m [32mDEBUG[0;39m [35m9832[0;39m [2m---[0;39m [2m[nio-9999-exec-8][0;39m [36mcom.ssafy.controller.NoticeController   [0;39m [2m:[0;39m retrieveNotice - 호출
[2m2020-08-05 15:59:35.712[0;39m [32mDEBUG[0;39m [35m9832[0;39m [2m---[0;39m [2m[io-9999-exec-10][0;39m [36mcom.ssafy.controller.NoticeController   [0;39m [2m:[0;39m retrieveNotice - 호출
[2m2020-08-05 15:59:36.686[0;39m [32mDEBUG[0;39m [35m9832[0;39m [2m---[0;39m [2m[nio-9999-exec-9][0;39m [36mcom.ssafy.controller.NoticeController   [0;39m [2m:[0;39m retrieveNotice - 호출
[2m2020-08-05 15:59:51.012[0;39m [32mDEBUG[0;39m [35m9832[0;39m [2m---[0;39m [2m[nio-9999-exec-2][0;39m [36mcom.ssafy.controller.NoticeController   [0;39m [2m:[0;39m updateNotice - 호출
[2m2020-08-05 15:59:51.012[0;39m [32mDEBUG[0;39m [35m9832[0;39m [2m---[0;39m [2m[nio-9999-exec-2][0;39m [36mcom.ssafy.controller.NoticeController   [0;39m [2m:[0;39m Notice [notice_no=14, notice_id=admin, notice_title=awefasdf수정, notice_content=asefsdf수정, notice_regtime=null]
[2m2020-08-05 16:00:21.274[0;39m [32mDEBUG[0;39m [35m9832[0;39m [2m---[0;39m [2m[nio-9999-exec-3][0;39m [36mcom.ssafy.controller.NoticeController   [0;39m [2m:[0;39m 신고 리스트 조회 - 호출
[2m2020-08-05 16:00:23.381[0;39m [32mDEBUG[0;39m [35m9832[0;39m [2m---[0;39m [2m[nio-9999-exec-4][0;39m [36mcom.ssafy.controller.NoticeController   [0;39m [2m:[0;39m retrieveNotice - 호출
[2m2020-08-05 16:00:27.653[0;39m [32mDEBUG[0;39m [35m9832[0;39m [2m---[0;39m [2m[nio-9999-exec-5][0;39m [36mcom.ssafy.controller.NoticeController   [0;39m [2m:[0;39m updateNotice - 호출
[2m2020-08-05 16:00:27.653[0;39m [32mDEBUG[0;39m [35m9832[0;39m [2m---[0;39m [2m[nio-9999-exec-5][0;39m [36mcom.ssafy.controller.NoticeController   [0;39m [2m:[0;39m Notice [notice_no=14, notice_id=admin, notice_title=awefasdf수정1, notice_content=asefsdf수정1, notice_regtime=null]
[2m2020-08-05 16:00:28.442[0;39m [32mDEBUG[0;39m [35m9832[0;39m [2m---[0;39m [2m[nio-9999-exec-7][0;39m [36mcom.ssafy.controller.NoticeController   [0;39m [2m:[0;39m retrieveNotice - 호출
[2m2020-08-05 16:00:29.126[0;39m [32mDEBUG[0;39m [35m9832[0;39m [2m---[0;39m [2m[nio-9999-exec-6][0;39m [36mcom.ssafy.controller.NoticeController   [0;39m [2m:[0;39m retrieveNotice - 호출
[2m2020-08-05 16:00:33.530[0;39m [32mDEBUG[0;39m [35m9832[0;39m [2m---[0;39m [2m[io-9999-exec-10][0;39m [36mcom.ssafy.controller.NoticeController   [0;39m [2m:[0;39m deleteNotice - 호출
[2m2020-08-05 16:00:54.021[0;39m [32mDEBUG[0;39m [35m9832[0;39m [2m---[0;39m [2m[nio-9999-exec-9][0;39m [36mcom.ssafy.controller.NoticeController   [0;39m [2m:[0;39m 신고 리스트 조회 - 호출
[2m2020-08-05 16:00:55.531[0;39m [32mDEBUG[0;39m [35m9832[0;39m [2m---[0;39m [2m[nio-9999-exec-1][0;39m [36mcom.ssafy.controller.NoticeController   [0;39m [2m:[0;39m retrieveNotice - 호출
[2m2020-08-05 16:00:57.213[0;39m [32mDEBUG[0;39m [35m9832[0;39m [2m---[0;39m [2m[nio-9999-exec-3][0;39m [36mcom.ssafy.controller.NoticeController   [0;39m [2m:[0;39m deleteNotice - 호출
[2m2020-08-05 16:00:58.071[0;39m [32mDEBUG[0;39m [35m9832[0;39m [2m---[0;39m [2m[nio-9999-exec-4][0;39m [36mcom.ssafy.controller.NoticeController   [0;39m [2m:[0;39m retrieveNotice - 호출
[2m2020-08-05 16:00:59.651[0;39m [32mDEBUG[0;39m [35m9832[0;39m [2m---[0;39m [2m[nio-9999-exec-7][0;39m [36mcom.ssafy.controller.NoticeController   [0;39m [2m:[0;39m deleteNotice - 호출
[2m2020-08-05 16:01:00.536[0;39m [32mDEBUG[0;39m [35m9832[0;39m [2m---[0;39m [2m[nio-9999-exec-6][0;39m [36mcom.ssafy.controller.NoticeController   [0;39m [2m:[0;39m retrieveNotice - 호출
[2m2020-08-05 16:01:11.683[0;39m [32mDEBUG[0;39m [35m9832[0;39m [2m---[0;39m [2m[nio-9999-exec-8][0;39m [36mcom.ssafy.controller.NoticeController   [0;39m [2m:[0;39m writeNotice - 호출
[2m2020-08-05 16:01:12.625[0;39m [32mDEBUG[0;39m [35m9832[0;39m [2m---[0;39m [2m[io-9999-exec-10][0;39m [36mcom.ssafy.controller.NoticeController   [0;39m [2m:[0;39m retrieveNotice - 호출
[2m2020-08-05 16:01:16.674[0;39m [32mDEBUG[0;39m [35m9832[0;39m [2m---[0;39m [2m[nio-9999-exec-9][0;39m [36mcom.ssafy.controller.NoticeController   [0;39m [2m:[0;39m retrieveNotice - 호출
[2m2020-08-05 16:01:46.311[0;39m [32mDEBUG[0;39m [35m9832[0;39m [2m---[0;39m [2m[nio-9999-exec-1][0;39m [36mcom.ssafy.controller.NoticeController   [0;39m [2m:[0;39m retrieveNotice - 호출
[2m2020-08-05 16:01:48.354[0;39m [32mDEBUG[0;39m [35m9832[0;39m [2m---[0;39m [2m[nio-9999-exec-2][0;39m [36mcom.ssafy.controller.NoticeController   [0;39m [2m:[0;39m retrieveNotice - 호출
[2m2020-08-05 16:01:50.257[0;39m [32mDEBUG[0;39m [35m9832[0;39m [2m---[0;39m [2m[nio-9999-exec-3][0;39m [36mcom.ssafy.controller.NoticeController   [0;39m [2m:[0;39m retrieveNotice - 호출
[2m2020-08-05 16:02:03.521[0;39m [32mDEBUG[0;39m [35m9832[0;39m [2m---[0;39m [2m[nio-9999-exec-4][0;39m [36mcom.ssafy.controller.NoticeController   [0;39m [2m:[0;39m login - 호출
[2m2020-08-05 16:02:04.550[0;39m [32mDEBUG[0;39m [35m9832[0;39m [2m---[0;39m [2m[nio-9999-exec-5][0;39m [36mcom.ssafy.controller.NoticeController   [0;39m [2m:[0;39m 신고 리스트 조회 - 호출
[2m2020-08-05 16:02:04.963[0;39m [32mDEBUG[0;39m [35m9832[0;39m [2m---[0;39m [2m[nio-9999-exec-7][0;39m [36mcom.ssafy.controller.NoticeController   [0;39m [2m:[0;39m 신고 리스트 조회 - 호출
[2m2020-08-05 16:02:07.100[0;39m [32mDEBUG[0;39m [35m9832[0;39m [2m---[0;39m [2m[nio-9999-exec-6][0;39m [36mcom.ssafy.controller.NoticeController   [0;39m [2m:[0;39m retrieveNotice - 호출
[2m2020-08-05 16:02:09.234[0;39m [32mDEBUG[0;39m [35m9832[0;39m [2m---[0;39m [2m[nio-9999-exec-8][0;39m [36mcom.ssafy.controller.NoticeController   [0;39m [2m:[0;39m retrieveNotice - 호출
[2m2020-08-05 16:02:11.018[0;39m [32mDEBUG[0;39m [35m9832[0;39m [2m---[0;39m [2m[io-9999-exec-10][0;39m [36mcom.ssafy.controller.NoticeController   [0;39m [2m:[0;39m retrieveNotice - 호출
[2m2020-08-05 16:02:20.751[0;39m [32mDEBUG[0;39m [35m9832[0;39m [2m---[0;39m [2m[nio-9999-exec-9][0;39m [36mcom.ssafy.controller.NoticeController   [0;39m [2m:[0;39m retrieveNotice - 호출
[2m2020-08-05 16:02:26.051[0;39m [32mDEBUG[0;39m [35m9832[0;39m [2m---[0;39m [2m[nio-9999-exec-1][0;39m [36mcom.ssafy.controller.NoticeController   [0;39m [2m:[0;39m login - 호출
[2m2020-08-05 16:02:27.046[0;39m [32mDEBUG[0;39m [35m9832[0;39m [2m---[0;39m [2m[nio-9999-exec-2][0;39m [36mcom.ssafy.controller.NoticeController   [0;39m [2m:[0;39m 신고 리스트 조회 - 호출
[2m2020-08-05 16:02:27.456[0;39m [32mDEBUG[0;39m [35m9832[0;39m [2m---[0;39m [2m[nio-9999-exec-3][0;39m [36mcom.ssafy.controller.NoticeController   [0;39m [2m:[0;39m 신고 리스트 조회 - 호출
[2m2020-08-05 16:02:34.034[0;39m [32mDEBUG[0;39m [35m9832[0;39m [2m---[0;39m [2m[nio-9999-exec-4][0;39m [36mcom.ssafy.controller.NoticeController   [0;39m [2m:[0;39m retrieveNotice - 호출
[2m2020-08-05 16:02:40.501[0;39m [32mDEBUG[0;39m [35m9832[0;39m [2m---[0;39m [2m[nio-9999-exec-7][0;39m [36mcom.ssafy.controller.NoticeController   [0;39m [2m:[0;39m updateNotice - 호출
[2m2020-08-05 16:02:40.501[0;39m [32mDEBUG[0;39m [35m9832[0;39m [2m---[0;39m [2m[nio-9999-exec-7][0;39m [36mcom.ssafy.controller.NoticeController   [0;39m [2m:[0;39m Notice [notice_no=15, notice_id=admin, notice_title=흐아아아흐항험;나ㅣㅇ헐 수정, notice_content=ㅁㄴ아ㅣ;ㄷ러 ㅁㄴㅇㄻㄴㅇㄹ수정, notice_regtime=null]
[2m2020-08-05 16:02:41.405[0;39m [32mDEBUG[0;39m [35m9832[0;39m [2m---[0;39m [2m[nio-9999-exec-6][0;39m [36mcom.ssafy.controller.NoticeController   [0;39m [2m:[0;39m retrieveNotice - 호출
[2m2020-08-05 16:02:42.070[0;39m [32mDEBUG[0;39m [35m9832[0;39m [2m---[0;39m [2m[nio-9999-exec-8][0;39m [36mcom.ssafy.controller.NoticeController   [0;39m [2m:[0;39m retrieveNotice - 호출
[2m2020-08-05 16:02:44.043[0;39m [32mDEBUG[0;39m [35m9832[0;39m [2m---[0;39m [2m[nio-9999-exec-9][0;39m [36mcom.ssafy.controller.NoticeController   [0;39m [2m:[0;39m deleteNotice - 호출
[2m2020-08-05 16:02:44.835[0;39m [32mDEBUG[0;39m [35m9832[0;39m [2m---[0;39m [2m[nio-9999-exec-1][0;39m [36mcom.ssafy.controller.NoticeController   [0;39m [2m:[0;39m retrieveNotice - 호출
[2m2020-08-05 16:02:48.624[0;39m [32mDEBUG[0;39m [35m9832[0;39m [2m---[0;39m [2m[nio-9999-exec-2][0;39m [36mcom.ssafy.controller.NoticeController   [0;39m [2m:[0;39m writeNotice - 호출
[2m2020-08-05 16:02:49.516[0;39m [32mDEBUG[0;39m [35m9832[0;39m [2m---[0;39m [2m[nio-9999-exec-3][0;39m [36mcom.ssafy.controller.NoticeController   [0;39m [2m:[0;39m retrieveNotice - 호출
[2m2020-08-05 16:19:27.722[0;39m [32mDEBUG[0;39m [35m9832[0;39m [2m---[0;39m [2m[nio-9999-exec-5][0;39m [36mcom.ssafy.controller.NoticeController   [0;39m [2m:[0;39m 신고 리스트 조회 - 호출
[2m2020-08-05 16:20:17.409[0;39m [32mDEBUG[0;39m [35m9832[0;39m [2m---[0;39m [2m[nio-9999-exec-7][0;39m [36mcom.ssafy.controller.NoticeController   [0;39m [2m:[0;39m login - 호출
[2m2020-08-05 16:20:18.795[0;39m [32mDEBUG[0;39m [35m9832[0;39m [2m---[0;39m [2m[nio-9999-exec-6][0;39m [36mcom.ssafy.controller.NoticeController   [0;39m [2m:[0;39m 신고 리스트 조회 - 호출
[2m2020-08-05 16:21:38.967[0;39m [32mDEBUG[0;39m [35m9832[0;39m [2m---[0;39m [2m[io-9999-exec-10][0;39m [36mcom.ssafy.controller.NoticeController   [0;39m [2m:[0;39m 신고 리스트 조회 - 호출
[2m2020-08-05 16:21:41.022[0;39m [32mDEBUG[0;39m [35m9832[0;39m [2m---[0;39m [2m[nio-9999-exec-9][0;39m [36mcom.ssafy.controller.NoticeController   [0;39m [2m:[0;39m 신고 리스트 조회 - 호출
[2m2020-08-05 16:24:41.144[0;39m [32mDEBUG[0;39m [35m9832[0;39m [2m---[0;39m [2m[nio-9999-exec-2][0;39m [36mcom.ssafy.controller.NoticeController   [0;39m [2m:[0;39m login - 호출
[2m2020-08-05 16:24:42.543[0;39m [32mDEBUG[0;39m [35m9832[0;39m [2m---[0;39m [2m[nio-9999-exec-3][0;39m [36mcom.ssafy.controller.NoticeController   [0;39m [2m:[0;39m 신고 리스트 조회 - 호출
[2m2020-08-05 16:27:22.843[0;39m [32mDEBUG[0;39m [35m9832[0;39m [2m---[0;39m [2m[nio-9999-exec-5][0;39m [36mcom.ssafy.controller.NoticeController   [0;39m [2m:[0;39m login - 호출
[2m2020-08-05 16:27:24.219[0;39m [32mDEBUG[0;39m [35m9832[0;39m [2m---[0;39m [2m[nio-9999-exec-7][0;39m [36mcom.ssafy.controller.NoticeController   [0;39m [2m:[0;39m 신고 리스트 조회 - 호출
[2m2020-08-05 16:30:45.189[0;39m [32mDEBUG[0;39m [35m9832[0;39m [2m---[0;39m [2m[nio-9999-exec-8][0;39m [36mcom.ssafy.controller.NoticeController   [0;39m [2m:[0;39m login - 호출
[2m2020-08-05 16:30:46.625[0;39m [32mDEBUG[0;39m [35m9832[0;39m [2m---[0;39m [2m[io-9999-exec-10][0;39m [36mcom.ssafy.controller.NoticeController   [0;39m [2m:[0;39m 신고 리스트 조회 - 호출
[2m2020-08-05 16:33:21.904[0;39m [32mDEBUG[0;39m [35m9832[0;39m [2m---[0;39m [2m[nio-9999-exec-1][0;39m [36mcom.ssafy.controller.NoticeController   [0;39m [2m:[0;39m login - 호출
[2m2020-08-05 16:33:23.145[0;39m [32mDEBUG[0;39m [35m9832[0;39m [2m---[0;39m [2m[nio-9999-exec-2][0;39m [36mcom.ssafy.controller.NoticeController   [0;39m [2m:[0;39m 신고 리스트 조회 - 호출
[2m2020-08-05 16:33:32.620[0;39m [32mDEBUG[0;39m [35m9832[0;39m [2m---[0;39m [2m[nio-9999-exec-3][0;39m [36mcom.ssafy.controller.NoticeController   [0;39m [2m:[0;39m login - 호출
[2m2020-08-05 16:33:33.954[0;39m [32mDEBUG[0;39m [35m9832[0;39m [2m---[0;39m [2m[nio-9999-exec-4][0;39m [36mcom.ssafy.controller.NoticeController   [0;39m [2m:[0;39m 신고 리스트 조회 - 호출
[2m2020-08-05 16:33:44.472[0;39m [32mDEBUG[0;39m [35m9832[0;39m [2m---[0;39m [2m[nio-9999-exec-5][0;39m [36mcom.ssafy.controller.NoticeController   [0;39m [2m:[0;39m login - 호출
[2m2020-08-05 16:33:47.099[0;39m [32mDEBUG[0;39m [35m9832[0;39m [2m---[0;39m [2m[nio-9999-exec-7][0;39m [36mcom.ssafy.controller.NoticeController   [0;39m [2m:[0;39m 신고 리스트 조회 - 호출
[2m2020-08-05 16:34:12.090[0;39m [32mDEBUG[0;39m [35m9832[0;39m [2m---[0;39m [2m[nio-9999-exec-8][0;39m [36mcom.ssafy.controller.NoticeController   [0;39m [2m:[0;39m login - 호출
[2m2020-08-05 16:34:13.669[0;39m [32mDEBUG[0;39m [35m9832[0;39m [2m---[0;39m [2m[io-9999-exec-10][0;39m [36mcom.ssafy.controller.NoticeController   [0;39m [2m:[0;39m 신고 리스트 조회 - 호출
[2m2020-08-05 16:34:35.471[0;39m [32mDEBUG[0;39m [35m9832[0;39m [2m---[0;39m [2m[nio-9999-exec-9][0;39m [36mcom.ssafy.controller.NoticeController   [0;39m [2m:[0;39m login - 호출
[2m2020-08-05 16:34:36.726[0;39m [32mDEBUG[0;39m [35m9832[0;39m [2m---[0;39m [2m[nio-9999-exec-1][0;39m [36mcom.ssafy.controller.NoticeController   [0;39m [2m:[0;39m 신고 리스트 조회 - 호출
[2m2020-08-05 16:35:25.117[0;39m [32mDEBUG[0;39m [35m9832[0;39m [2m---[0;39m [2m[nio-9999-exec-2][0;39m [36mcom.ssafy.controller.NoticeController   [0;39m [2m:[0;39m retrieveNotice - 호출
[2m2020-08-05 16:35:44.642[0;39m [32mDEBUG[0;39m [35m9832[0;39m [2m---[0;39m [2m[nio-9999-exec-3][0;39m [36mcom.ssafy.controller.NoticeController   [0;39m [2m:[0;39m retrieveNotice - 호출
