[2m2020-07-20 18:24:11.778[0;39m [33m WARN[0;39m [35m15568[0;39m [2m---[0;39m [2m[  restartedMain][0;39m [36mo.m.s.mapper.ClassPathMapperScanner     [0;39m [2m:[0;39m No MyBatis mapper was found in '[com.ssafy.myapp]' package. Please check your configuration.
[2m2020-07-20 18:24:11.799[0;39m [32m INFO[0;39m [35m15568[0;39m [2m---[0;39m [2m[  restartedMain][0;39m [36mtrationDelegate$BeanPostProcessorChecker[0;39m [2m:[0;39m Bean 'org.springframework.ws.config.annotation.DelegatingWsConfiguration' of type [org.springframework.ws.config.annotation.DelegatingWsConfiguration$$EnhancerBySpringCGLIB$$65cb0a3d] is not eligible for getting processed by all BeanPostProcessors (for example: not eligible for auto-proxying)
[2m2020-07-20 18:24:11.809[0;39m [32m INFO[0;39m [35m15568[0;39m [2m---[0;39m [2m[  restartedMain][0;39m [36m.w.s.a.s.AnnotationActionEndpointMapping[0;39m [2m:[0;39m Supporting [WS-Addressing August 2004, WS-Addressing 1.0]
[2m2020-07-20 18:24:11.860[0;39m [32m INFO[0;39m [35m15568[0;39m [2m---[0;39m [2m[  restartedMain][0;39m [36mo.s.b.w.embedded.tomcat.TomcatWebServer [0;39m [2m:[0;39m Tomcat initialized with port(s): 9999 (http)
[2m2020-07-20 18:24:11.898[0;39m [32m INFO[0;39m [35m15568[0;39m [2m---[0;39m [2m[  restartedMain][0;39m [36mw.s.c.ServletWebServerApplicationContext[0;39m [2m:[0;39m Root WebApplicationContext: initialization completed in 225 ms
[2m2020-07-20 18:24:11.923[0;39m [32m INFO[0;39m [35m15568[0;39m [2m---[0;39m [2m[  restartedMain][0;39m [36mo.s.s.concurrent.ThreadPoolTaskExecutor [0;39m [2m:[0;39m Initializing ExecutorService 'applicationTaskExecutor'
[2m2020-07-20 18:24:11.932[0;39m [32m INFO[0;39m [35m15568[0;39m [2m---[0;39m [2m[  restartedMain][0;39m [36mo.s.b.a.w.s.WelcomePageHandlerMapping   [0;39m [2m:[0;39m Adding welcome page template: index
[2m2020-07-20 18:24:11.977[0;39m [32m INFO[0;39m [35m15568[0;39m [2m---[0;39m [2m[  restartedMain][0;39m [36mo.s.b.d.a.OptionalLiveReloadServer      [0;39m [2m:[0;39m LiveReload server is running on port 35729
[2m2020-07-20 18:24:11.984[0;39m [32m INFO[0;39m [35m15568[0;39m [2m---[0;39m [2m[  restartedMain][0;39m [36mo.s.b.w.embedded.tomcat.TomcatWebServer [0;39m [2m:[0;39m Tomcat started on port(s): 9999 (http) with context path '/happyhouse'
[2m2020-07-20 18:24:11.986[0;39m [32m INFO[0;39m [35m15568[0;39m [2m---[0;39m [2m[  restartedMain][0;39m [36m.ConditionEvaluationDeltaLoggingListener[0;39m [2m:[0;39m Condition evaluation unchanged
[2m2020-07-20 18:24:53.161[0;39m [32m INFO[0;39m [35m15568[0;39m [2m---[0;39m [2m[nio-9999-exec-2][0;39m [36mo.s.web.servlet.DispatcherServlet       [0;39m [2m:[0;39m Initializing Servlet 'dispatcherServlet'
[2m2020-07-20 18:24:53.166[0;39m [32m INFO[0;39m [35m15568[0;39m [2m---[0;39m [2m[nio-9999-exec-2][0;39m [36mo.s.web.servlet.DispatcherServlet       [0;39m [2m:[0;39m Completed initialization in 4 ms
[2m2020-07-20 18:25:58.510[0;39m [32m INFO[0;39m [35m15568[0;39m [2m---[0;39m [2m[on(2)-127.0.0.1][0;39m [36minMXBeanRegistrar$SpringApplicationAdmin[0;39m [2m:[0;39m Application shutdown requested.
[2m2020-07-20 18:25:58.733[0;39m [32m INFO[0;39m [35m15568[0;39m [2m---[0;39m [2m[on(2)-127.0.0.1][0;39m [36mo.s.s.concurrent.ThreadPoolTaskExecutor [0;39m [2m:[0;39m Shutting down ExecutorService 'applicationTaskExecutor'
[2m2020-07-20 18:26:06.380[0;39m [32m INFO[0;39m [35m15300[0;39m [2m---[0;39m [2m[  restartedMain][0;39m [36m.e.DevToolsPropertyDefaultsPostProcessor[0;39m [2m:[0;39m Devtools property defaults active! Set 'spring.devtools.add-properties' to 'false' to disable
[2m2020-07-20 18:26:06.382[0;39m [32m INFO[0;39m [35m15300[0;39m [2m---[0;39m [2m[  restartedMain][0;39m [36m.e.DevToolsPropertyDefaultsPostProcessor[0;39m [2m:[0;39m For additional web related logging consider setting the 'logging.level.web' property to 'DEBUG'
[2m2020-07-20 18:26:06.741[0;39m [33m WARN[0;39m [35m15300[0;39m [2m---[0;39m [2m[  restartedMain][0;39m [36mo.m.s.mapper.ClassPathMapperScanner     [0;39m [2m:[0;39m No MyBatis mapper was found in '[com.ssafy.myapp]' package. Please check your configuration.
[2m2020-07-20 18:26:06.907[0;39m [32m INFO[0;39m [35m15300[0;39m [2m---[0;39m [2m[  restartedMain][0;39m [36mtrationDelegate$BeanPostProcessorChecker[0;39m [2m:[0;39m Bean 'org.springframework.ws.config.annotation.DelegatingWsConfiguration' of type [org.springframework.ws.config.annotation.DelegatingWsConfiguration$$EnhancerBySpringCGLIB$$e3d0bf4a] is not eligible for getting processed by all BeanPostProcessors (for example: not eligible for auto-proxying)
[2m2020-07-20 18:26:06.928[0;39m [32m INFO[0;39m [35m15300[0;39m [2m---[0;39m [2m[  restartedMain][0;39m [36m.w.s.a.s.AnnotationActionEndpointMapping[0;39m [2m:[0;39m Supporting [WS-Addressing August 2004, WS-Addressing 1.0]
[2m2020-07-20 18:26:07.109[0;39m [32m INFO[0;39m [35m15300[0;39m [2m---[0;39m [2m[  restartedMain][0;39m [36mo.s.b.w.embedded.tomcat.TomcatWebServer [0;39m [2m:[0;39m Tomcat initialized with port(s): 9999 (http)
[2m2020-07-20 18:26:07.268[0;39m [32m INFO[0;39m [35m15300[0;39m [2m---[0;39m [2m[  restartedMain][0;39m [36mw.s.c.ServletWebServerApplicationContext[0;39m [2m:[0;39m Root WebApplicationContext: initialization completed in 886 ms
[2m2020-07-20 18:26:07.379[0;39m [32m INFO[0;39m [35m15300[0;39m [2m---[0;39m [2m[  restartedMain][0;39m [36mo.s.s.concurrent.ThreadPoolTaskExecutor [0;39m [2m:[0;39m Initializing ExecutorService 'applicationTaskExecutor'
[2m2020-07-20 18:26:07.418[0;39m [32m INFO[0;39m [35m15300[0;39m [2m---[0;39m [2m[  restartedMain][0;39m [36mo.s.b.a.w.s.WelcomePageHandlerMapping   [0;39m [2m:[0;39m Adding welcome page template: index
[2m2020-07-20 18:26:07.610[0;39m [32m INFO[0;39m [35m15300[0;39m [2m---[0;39m [2m[  restartedMain][0;39m [36mo.s.b.d.a.OptionalLiveReloadServer      [0;39m [2m:[0;39m LiveReload server is running on port 35729
[2m2020-07-20 18:26:07.635[0;39m [32m INFO[0;39m [35m15300[0;39m [2m---[0;39m [2m[  restartedMain][0;39m [36mo.s.b.w.embedded.tomcat.TomcatWebServer [0;39m [2m:[0;39m Tomcat started on port(s): 9999 (http) with context path '/happyhouse'
[2m2020-07-20 18:26:22.630[0;39m [32m INFO[0;39m [35m15300[0;39m [2m---[0;39m [2m[nio-9999-exec-1][0;39m [36mo.s.web.servlet.DispatcherServlet       [0;39m [2m:[0;39m Initializing Servlet 'dispatcherServlet'
[2m2020-07-20 18:26:22.634[0;39m [32m INFO[0;39m [35m15300[0;39m [2m---[0;39m [2m[nio-9999-exec-1][0;39m [36mo.s.web.servlet.DispatcherServlet       [0;39m [2m:[0;39m Completed initialization in 4 ms
[2m2020-07-20 18:26:50.521[0;39m [32m INFO[0;39m [35m15300[0;39m [2m---[0;39m [2m[on(2)-127.0.0.1][0;39m [36minMXBeanRegistrar$SpringApplicationAdmin[0;39m [2m:[0;39m Application shutdown requested.
[2m2020-07-20 18:26:50.740[0;39m [32m INFO[0;39m [35m15300[0;39m [2m---[0;39m [2m[on(2)-127.0.0.1][0;39m [36mo.s.s.concurrent.ThreadPoolTaskExecutor [0;39m [2m:[0;39m Shutting down ExecutorService 'applicationTaskExecutor'
[2m2020-07-20 18:27:11.617[0;39m [32m INFO[0;39m [35m9420[0;39m [2m---[0;39m [2m[  restartedMain][0;39m [36m.e.DevToolsPropertyDefaultsPostProcessor[0;39m [2m:[0;39m Devtools property defaults active! Set 'spring.devtools.add-properties' to 'false' to disable
[2m2020-07-20 18:27:11.619[0;39m [32m INFO[0;39m [35m9420[0;39m [2m---[0;39m [2m[  restartedMain][0;39m [36m.e.DevToolsPropertyDefaultsPostProcessor[0;39m [2m:[0;39m For additional web related logging consider setting the 'logging.level.web' property to 'DEBUG'
[2m2020-07-20 18:27:11.992[0;39m [33m WARN[0;39m [35m9420[0;39m [2m---[0;39m [2m[  restartedMain][0;39m [36mo.m.s.mapper.ClassPathMapperScanner     [0;39m [2m:[0;39m No MyBatis mapper was found in '[com.ssafy.myapp]' package. Please check your configuration.
[2m2020-07-20 18:27:12.168[0;39m [32m INFO[0;39m [35m9420[0;39m [2m---[0;39m [2m[  restartedMain][0;39m [36mtrationDelegate$BeanPostProcessorChecker[0;39m [2m:[0;39m Bean 'org.springframework.ws.config.annotation.DelegatingWsConfiguration' of type [org.springframework.ws.config.annotation.DelegatingWsConfiguration$$EnhancerBySpringCGLIB$$701ead53] is not eligible for getting processed by all BeanPostProcessors (for example: not eligible for auto-proxying)
[2m2020-07-20 18:27:12.190[0;39m [32m INFO[0;39m [35m9420[0;39m [2m---[0;39m [2m[  restartedMain][0;39m [36m.w.s.a.s.AnnotationActionEndpointMapping[0;39m [2m:[0;39m Supporting [WS-Addressing August 2004, WS-Addressing 1.0]
[2m2020-07-20 18:27:12.382[0;39m [32m INFO[0;39m [35m9420[0;39m [2m---[0;39m [2m[  restartedMain][0;39m [36mo.s.b.w.embedded.tomcat.TomcatWebServer [0;39m [2m:[0;39m Tomcat initialized with port(s): 9999 (http)
[2m2020-07-20 18:27:12.544[0;39m [32m INFO[0;39m [35m9420[0;39m [2m---[0;39m [2m[  restartedMain][0;39m [36mw.s.c.ServletWebServerApplicationContext[0;39m [2m:[0;39m Root WebApplicationContext: initialization completed in 925 ms
[2m2020-07-20 18:27:12.661[0;39m [32m INFO[0;39m [35m9420[0;39m [2m---[0;39m [2m[  restartedMain][0;39m [36mo.s.s.concurrent.ThreadPoolTaskExecutor [0;39m [2m:[0;39m Initializing ExecutorService 'applicationTaskExecutor'
[2m2020-07-20 18:27:12.703[0;39m [32m INFO[0;39m [35m9420[0;39m [2m---[0;39m [2m[  restartedMain][0;39m [36mo.s.b.a.w.s.WelcomePageHandlerMapping   [0;39m [2m:[0;39m Adding welcome page template: index
[2m2020-07-20 18:27:12.895[0;39m [32m INFO[0;39m [35m9420[0;39m [2m---[0;39m [2m[  restartedMain][0;39m [36mo.s.b.d.a.OptionalLiveReloadServer      [0;39m [2m:[0;39m LiveReload server is running on port 35729
[2m2020-07-20 18:27:12.923[0;39m [32m INFO[0;39m [35m9420[0;39m [2m---[0;39m [2m[  restartedMain][0;39m [36mo.s.b.w.embedded.tomcat.TomcatWebServer [0;39m [2m:[0;39m Tomcat started on port(s): 9999 (http) with context path '/happyhouse'
[2m2020-07-20 18:29:36.577[0;39m [32m INFO[0;39m [35m1000[0;39m [2m---[0;39m [2m[  restartedMain][0;39m [36m.e.DevToolsPropertyDefaultsPostProcessor[0;39m [2m:[0;39m Devtools property defaults active! Set 'spring.devtools.add-properties' to 'false' to disable
[2m2020-07-20 18:29:36.578[0;39m [32m INFO[0;39m [35m1000[0;39m [2m---[0;39m [2m[  restartedMain][0;39m [36m.e.DevToolsPropertyDefaultsPostProcessor[0;39m [2m:[0;39m For additional web related logging consider setting the 'logging.level.web' property to 'DEBUG'
[2m2020-07-20 18:29:36.905[0;39m [33m WARN[0;39m [35m1000[0;39m [2m---[0;39m [2m[  restartedMain][0;39m [36mo.m.s.mapper.ClassPathMapperScanner     [0;39m [2m:[0;39m No MyBatis mapper was found in '[com.ssafy.myapp]' package. Please check your configuration.
[2m2020-07-20 18:29:37.052[0;39m [32m INFO[0;39m [35m1000[0;39m [2m---[0;39m [2m[  restartedMain][0;39m [36mtrationDelegate$BeanPostProcessorChecker[0;39m [2m:[0;39m Bean 'org.springframework.ws.config.annotation.DelegatingWsConfiguration' of type [org.springframework.ws.config.annotation.DelegatingWsConfiguration$$EnhancerBySpringCGLIB$$d1e243b8] is not eligible for getting processed by all BeanPostProcessors (for example: not eligible for auto-proxying)
[2m2020-07-20 18:29:37.071[0;39m [32m INFO[0;39m [35m1000[0;39m [2m---[0;39m [2m[  restartedMain][0;39m [36m.w.s.a.s.AnnotationActionEndpointMapping[0;39m [2m:[0;39m Supporting [WS-Addressing August 2004, WS-Addressing 1.0]
[2m2020-07-20 18:29:37.238[0;39m [32m INFO[0;39m [35m1000[0;39m [2m---[0;39m [2m[  restartedMain][0;39m [36mo.s.b.w.embedded.tomcat.TomcatWebServer [0;39m [2m:[0;39m Tomcat initialized with port(s): 9999 (http)
[2m2020-07-20 18:29:37.377[0;39m [32m INFO[0;39m [35m1000[0;39m [2m---[0;39m [2m[  restartedMain][0;39m [36mw.s.c.ServletWebServerApplicationContext[0;39m [2m:[0;39m Root WebApplicationContext: initialization completed in 799 ms
[2m2020-07-20 18:29:37.473[0;39m [32m INFO[0;39m [35m1000[0;39m [2m---[0;39m [2m[  restartedMain][0;39m [36mo.s.s.concurrent.ThreadPoolTaskExecutor [0;39m [2m:[0;39m Initializing ExecutorService 'applicationTaskExecutor'
[2m2020-07-20 18:29:37.507[0;39m [32m INFO[0;39m [35m1000[0;39m [2m---[0;39m [2m[  restartedMain][0;39m [36mo.s.b.a.w.s.WelcomePageHandlerMapping   [0;39m [2m:[0;39m Adding welcome page template: index
[2m2020-07-20 18:29:37.685[0;39m [33m WARN[0;39m [35m1000[0;39m [2m---[0;39m [2m[  restartedMain][0;39m [36mo.s.b.d.a.OptionalLiveReloadServer      [0;39m [2m:[0;39m Unable to start LiveReload server
[2m2020-07-20 18:29:37.701[0;39m [33m WARN[0;39m [35m1000[0;39m [2m---[0;39m [2m[  restartedMain][0;39m [36mConfigServletWebServerApplicationContext[0;39m [2m:[0;39m Exception encountered during context initialization - cancelling refresh attempt: org.springframework.context.ApplicationContextException: Failed to start bean 'webServerStartStop'; nested exception is org.springframework.boot.web.server.PortInUseException: Port 9999 is already in use
[2m2020-07-20 18:29:37.703[0;39m [32m INFO[0;39m [35m1000[0;39m [2m---[0;39m [2m[  restartedMain][0;39m [36mo.s.s.concurrent.ThreadPoolTaskExecutor [0;39m [2m:[0;39m Shutting down ExecutorService 'applicationTaskExecutor'
[2m2020-07-20 18:29:37.712[0;39m [32m INFO[0;39m [35m1000[0;39m [2m---[0;39m [2m[  restartedMain][0;39m [36mConditionEvaluationReportLoggingListener[0;39m [2m:[0;39m 

Error starting ApplicationContext. To display the conditions report re-run your application with 'debug' enabled.
[2m2020-07-20 18:29:37.715[0;39m [31mERROR[0;39m [35m1000[0;39m [2m---[0;39m [2m[  restartedMain][0;39m [36mo.s.b.d.LoggingFailureAnalysisReporter  [0;39m [2m:[0;39m 

***************************
APPLICATION FAILED TO START
***************************

Description:

Web server failed to start. Port 9999 was already in use.

Action:

Identify and stop the process that's listening on port 9999 or configure this application to listen on another port.

[2m2020-07-20 18:29:54.393[0;39m [32m INFO[0;39m [35m9420[0;39m [2m---[0;39m [2m[on(2)-127.0.0.1][0;39m [36minMXBeanRegistrar$SpringApplicationAdmin[0;39m [2m:[0;39m Application shutdown requested.
[2m2020-07-20 18:29:54.665[0;39m [32m INFO[0;39m [35m9420[0;39m [2m---[0;39m [2m[on(2)-127.0.0.1][0;39m [36mo.s.s.concurrent.ThreadPoolTaskExecutor [0;39m [2m:[0;39m Shutting down ExecutorService 'applicationTaskExecutor'
[2m2020-07-20 18:30:02.446[0;39m [32m INFO[0;39m [35m13036[0;39m [2m---[0;39m [2m[  restartedMain][0;39m [36m.e.DevToolsPropertyDefaultsPostProcessor[0;39m [2m:[0;39m Devtools property defaults active! Set 'spring.devtools.add-properties' to 'false' to disable
[2m2020-07-20 18:30:02.447[0;39m [32m INFO[0;39m [35m13036[0;39m [2m---[0;39m [2m[  restartedMain][0;39m [36m.e.DevToolsPropertyDefaultsPostProcessor[0;39m [2m:[0;39m For additional web related logging consider setting the 'logging.level.web' property to 'DEBUG'
[2m2020-07-20 18:30:02.781[0;39m [33m WARN[0;39m [35m13036[0;39m [2m---[0;39m [2m[  restartedMain][0;39m [36mo.m.s.mapper.ClassPathMapperScanner     [0;39m [2m:[0;39m No MyBatis mapper was found in '[com.ssafy.myapp]' package. Please check your configuration.
[2m2020-07-20 18:30:02.936[0;39m [32m INFO[0;39m [35m13036[0;39m [2m---[0;39m [2m[  restartedMain][0;39m [36mtrationDelegate$BeanPostProcessorChecker[0;39m [2m:[0;39m Bean 'org.springframework.ws.config.annotation.DelegatingWsConfiguration' of type [org.springframework.ws.config.annotation.DelegatingWsConfiguration$$EnhancerBySpringCGLIB$$d5c71be9] is not eligible for getting processed by all BeanPostProcessors (for example: not eligible for auto-proxying)
[2m2020-07-20 18:30:02.956[0;39m [32m INFO[0;39m [35m13036[0;39m [2m---[0;39m [2m[  restartedMain][0;39m [36m.w.s.a.s.AnnotationActionEndpointMapping[0;39m [2m:[0;39m Supporting [WS-Addressing August 2004, WS-Addressing 1.0]
[2m2020-07-20 18:30:03.131[0;39m [32m INFO[0;39m [35m13036[0;39m [2m---[0;39m [2m[  restartedMain][0;39m [36mo.s.b.w.embedded.tomcat.TomcatWebServer [0;39m [2m:[0;39m Tomcat initialized with port(s): 9999 (http)
[2m2020-07-20 18:30:03.280[0;39m [32m INFO[0;39m [35m13036[0;39m [2m---[0;39m [2m[  restartedMain][0;39m [36mw.s.c.ServletWebServerApplicationContext[0;39m [2m:[0;39m Root WebApplicationContext: initialization completed in 833 ms
[2m2020-07-20 18:30:03.386[0;39m [32m INFO[0;39m [35m13036[0;39m [2m---[0;39m [2m[  restartedMain][0;39m [36mo.s.s.concurrent.ThreadPoolTaskExecutor [0;39m [2m:[0;39m Initializing ExecutorService 'applicationTaskExecutor'
[2m2020-07-20 18:30:03.424[0;39m [32m INFO[0;39m [35m13036[0;39m [2m---[0;39m [2m[  restartedMain][0;39m [36mo.s.b.a.w.s.WelcomePageHandlerMapping   [0;39m [2m:[0;39m Adding welcome page template: index
[2m2020-07-20 18:30:03.603[0;39m [32m INFO[0;39m [35m13036[0;39m [2m---[0;39m [2m[  restartedMain][0;39m [36mo.s.b.d.a.OptionalLiveReloadServer      [0;39m [2m:[0;39m LiveReload server is running on port 35729
[2m2020-07-20 18:30:03.629[0;39m [32m INFO[0;39m [35m13036[0;39m [2m---[0;39m [2m[  restartedMain][0;39m [36mo.s.b.w.embedded.tomcat.TomcatWebServer [0;39m [2m:[0;39m Tomcat started on port(s): 9999 (http) with context path '/happyhouse'
[2m2020-07-20 18:30:11.520[0;39m [32m INFO[0;39m [35m13036[0;39m [2m---[0;39m [2m[on(2)-127.0.0.1][0;39m [36minMXBeanRegistrar$SpringApplicationAdmin[0;39m [2m:[0;39m Application shutdown requested.
[2m2020-07-20 18:30:11.776[0;39m [32m INFO[0;39m [35m13036[0;39m [2m---[0;39m [2m[on(2)-127.0.0.1][0;39m [36mo.s.s.concurrent.ThreadPoolTaskExecutor [0;39m [2m:[0;39m Shutting down ExecutorService 'applicationTaskExecutor'
[2m2020-07-20 18:40:42.391[0;39m [32m INFO[0;39m [35m9500[0;39m [2m---[0;39m [2m[  restartedMain][0;39m [36m.e.DevToolsPropertyDefaultsPostProcessor[0;39m [2m:[0;39m Devtools property defaults active! Set 'spring.devtools.add-properties' to 'false' to disable
[2m2020-07-20 18:40:42.392[0;39m [32m INFO[0;39m [35m9500[0;39m [2m---[0;39m [2m[  restartedMain][0;39m [36m.e.DevToolsPropertyDefaultsPostProcessor[0;39m [2m:[0;39m For additional web related logging consider setting the 'logging.level.web' property to 'DEBUG'
[2m2020-07-20 18:40:42.761[0;39m [33m WARN[0;39m [35m9500[0;39m [2m---[0;39m [2m[  restartedMain][0;39m [36mo.m.s.mapper.ClassPathMapperScanner     [0;39m [2m:[0;39m No MyBatis mapper was found in '[com.ssafy.myapp]' package. Please check your configuration.
[2m2020-07-20 18:40:42.938[0;39m [32m INFO[0;39m [35m9500[0;39m [2m---[0;39m [2m[  restartedMain][0;39m [36mtrationDelegate$BeanPostProcessorChecker[0;39m [2m:[0;39m Bean 'org.springframework.ws.config.annotation.DelegatingWsConfiguration' of type [org.springframework.ws.config.annotation.DelegatingWsConfiguration$$EnhancerBySpringCGLIB$$f81d8d60] is not eligible for getting processed by all BeanPostProcessors (for example: not eligible for auto-proxying)
[2m2020-07-20 18:40:42.960[0;39m [32m INFO[0;39m [35m9500[0;39m [2m---[0;39m [2m[  restartedMain][0;39m [36m.w.s.a.s.AnnotationActionEndpointMapping[0;39m [2m:[0;39m Supporting [WS-Addressing August 2004, WS-Addressing 1.0]
[2m2020-07-20 18:40:43.147[0;39m [32m INFO[0;39m [35m9500[0;39m [2m---[0;39m [2m[  restartedMain][0;39m [36mo.s.b.w.embedded.tomcat.TomcatWebServer [0;39m [2m:[0;39m Tomcat initialized with port(s): 9999 (http)
[2m2020-07-20 18:40:43.308[0;39m [32m INFO[0;39m [35m9500[0;39m [2m---[0;39m [2m[  restartedMain][0;39m [36mw.s.c.ServletWebServerApplicationContext[0;39m [2m:[0;39m Root WebApplicationContext: initialization completed in 916 ms
[2m2020-07-20 18:40:43.423[0;39m [32m INFO[0;39m [35m9500[0;39m [2m---[0;39m [2m[  restartedMain][0;39m [36mo.s.s.concurrent.ThreadPoolTaskExecutor [0;39m [2m:[0;39m Initializing ExecutorService 'applicationTaskExecutor'
[2m2020-07-20 18:40:43.469[0;39m [32m INFO[0;39m [35m9500[0;39m [2m---[0;39m [2m[  restartedMain][0;39m [36mo.s.b.a.w.s.WelcomePageHandlerMapping   [0;39m [2m:[0;39m Adding welcome page template: index
[2m2020-07-20 18:40:43.678[0;39m [32m INFO[0;39m [35m9500[0;39m [2m---[0;39m [2m[  restartedMain][0;39m [36mo.s.b.d.a.OptionalLiveReloadServer      [0;39m [2m:[0;39m LiveReload server is running on port 35729
[2m2020-07-20 18:40:43.706[0;39m [32m INFO[0;39m [35m9500[0;39m [2m---[0;39m [2m[  restartedMain][0;39m [36mo.s.b.w.embedded.tomcat.TomcatWebServer [0;39m [2m:[0;39m Tomcat started on port(s): 9999 (http) with context path '/happyhouse'
[2m2020-07-20 18:40:51.862[0;39m [32m INFO[0;39m [35m9500[0;39m [2m---[0;39m [2m[on(2)-127.0.0.1][0;39m [36minMXBeanRegistrar$SpringApplicationAdmin[0;39m [2m:[0;39m Application shutdown requested.
[2m2020-07-20 18:40:52.123[0;39m [32m INFO[0;39m [35m9500[0;39m [2m---[0;39m [2m[on(2)-127.0.0.1][0;39m [36mo.s.s.concurrent.ThreadPoolTaskExecutor [0;39m [2m:[0;39m Shutting down ExecutorService 'applicationTaskExecutor'
[2m2020-07-20 18:50:30.825[0;39m [32m INFO[0;39m [35m10844[0;39m [2m---[0;39m [2m[  restartedMain][0;39m [36m.e.DevToolsPropertyDefaultsPostProcessor[0;39m [2m:[0;39m Devtools property defaults active! Set 'spring.devtools.add-properties' to 'false' to disable
[2m2020-07-20 18:50:30.827[0;39m [32m INFO[0;39m [35m10844[0;39m [2m---[0;39m [2m[  restartedMain][0;39m [36m.e.DevToolsPropertyDefaultsPostProcessor[0;39m [2m:[0;39m For additional web related logging consider setting the 'logging.level.web' property to 'DEBUG'
[2m2020-07-20 18:50:31.220[0;39m [33m WARN[0;39m [35m10844[0;39m [2m---[0;39m [2m[  restartedMain][0;39m [36mo.m.s.mapper.ClassPathMapperScanner     [0;39m [2m:[0;39m No MyBatis mapper was found in '[com.ssafy.myapp]' package. Please check your configuration.
[2m2020-07-20 18:50:31.403[0;39m [32m INFO[0;39m [35m10844[0;39m [2m---[0;39m [2m[  restartedMain][0;39m [36mtrationDelegate$BeanPostProcessorChecker[0;39m [2m:[0;39m Bean 'org.springframework.ws.config.annotation.DelegatingWsConfiguration' of type [org.springframework.ws.config.annotation.DelegatingWsConfiguration$$EnhancerBySpringCGLIB$$898983a6] is not eligible for getting processed by all BeanPostProcessors (for example: not eligible for auto-proxying)
[2m2020-07-20 18:50:31.427[0;39m [32m INFO[0;39m [35m10844[0;39m [2m---[0;39m [2m[  restartedMain][0;39m [36m.w.s.a.s.AnnotationActionEndpointMapping[0;39m [2m:[0;39m Supporting [WS-Addressing August 2004, WS-Addressing 1.0]
[2m2020-07-20 18:50:31.620[0;39m [32m INFO[0;39m [35m10844[0;39m [2m---[0;39m [2m[  restartedMain][0;39m [36mo.s.b.w.embedded.tomcat.TomcatWebServer [0;39m [2m:[0;39m Tomcat initialized with port(s): 9999 (http)
[2m2020-07-20 18:50:31.794[0;39m [32m INFO[0;39m [35m10844[0;39m [2m---[0;39m [2m[  restartedMain][0;39m [36mw.s.c.ServletWebServerApplicationContext[0;39m [2m:[0;39m Root WebApplicationContext: initialization completed in 967 ms
[2m2020-07-20 18:50:31.917[0;39m [32m INFO[0;39m [35m10844[0;39m [2m---[0;39m [2m[  restartedMain][0;39m [36mo.s.s.concurrent.ThreadPoolTaskExecutor [0;39m [2m:[0;39m Initializing ExecutorService 'applicationTaskExecutor'
[2m2020-07-20 18:50:31.964[0;39m [32m INFO[0;39m [35m10844[0;39m [2m---[0;39m [2m[  restartedMain][0;39m [36mo.s.b.a.w.s.WelcomePageHandlerMapping   [0;39m [2m:[0;39m Adding welcome page template: index
[2m2020-07-20 18:50:32.182[0;39m [32m INFO[0;39m [35m10844[0;39m [2m---[0;39m [2m[  restartedMain][0;39m [36mo.s.b.d.a.OptionalLiveReloadServer      [0;39m [2m:[0;39m LiveReload server is running on port 35729
[2m2020-07-20 18:50:32.212[0;39m [32m INFO[0;39m [35m10844[0;39m [2m---[0;39m [2m[  restartedMain][0;39m [36mo.s.b.w.embedded.tomcat.TomcatWebServer [0;39m [2m:[0;39m Tomcat started on port(s): 9999 (http) with context path '/happyhouse'
[2m2020-07-20 18:50:35.529[0;39m [32m INFO[0;39m [35m10844[0;39m [2m---[0;39m [2m[on(2)-127.0.0.1][0;39m [36minMXBeanRegistrar$SpringApplicationAdmin[0;39m [2m:[0;39m Application shutdown requested.
[2m2020-07-20 18:50:35.813[0;39m [32m INFO[0;39m [35m10844[0;39m [2m---[0;39m [2m[on(2)-127.0.0.1][0;39m [36mo.s.s.concurrent.ThreadPoolTaskExecutor [0;39m [2m:[0;39m Shutting down ExecutorService 'applicationTaskExecutor'
[2m2020-07-20 18:51:43.028[0;39m [32m INFO[0;39m [35m6528[0;39m [2m---[0;39m [2m[  restartedMain][0;39m [36m.e.DevToolsPropertyDefaultsPostProcessor[0;39m [2m:[0;39m Devtools property defaults active! Set 'spring.devtools.add-properties' to 'false' to disable
[2m2020-07-20 18:51:43.029[0;39m [32m INFO[0;39m [35m6528[0;39m [2m---[0;39m [2m[  restartedMain][0;39m [36m.e.DevToolsPropertyDefaultsPostProcessor[0;39m [2m:[0;39m For additional web related logging consider setting the 'logging.level.web' property to 'DEBUG'
[2m2020-07-20 18:51:43.444[0;39m [33m WARN[0;39m [35m6528[0;39m [2m---[0;39m [2m[  restartedMain][0;39m [36mo.m.s.mapper.ClassPathMapperScanner     [0;39m [2m:[0;39m No MyBatis mapper was found in '[com.ssafy.myapp]' package. Please check your configuration.
[2m2020-07-20 18:51:43.607[0;39m [32m INFO[0;39m [35m6528[0;39m [2m---[0;39m [2m[  restartedMain][0;39m [36mtrationDelegate$BeanPostProcessorChecker[0;39m [2m:[0;39m Bean 'org.springframework.ws.config.annotation.DelegatingWsConfiguration' of type [org.springframework.ws.config.annotation.DelegatingWsConfiguration$$EnhancerBySpringCGLIB$$5d589ff6] is not eligible for getting processed by all BeanPostProcessors (for example: not eligible for auto-proxying)
[2m2020-07-20 18:51:43.627[0;39m [32m INFO[0;39m [35m6528[0;39m [2m---[0;39m [2m[  restartedMain][0;39m [36m.w.s.a.s.AnnotationActionEndpointMapping[0;39m [2m:[0;39m Supporting [WS-Addressing August 2004, WS-Addressing 1.0]
[2m2020-07-20 18:51:43.809[0;39m [32m INFO[0;39m [35m6528[0;39m [2m---[0;39m [2m[  restartedMain][0;39m [36mo.s.b.w.embedded.tomcat.TomcatWebServer [0;39m [2m:[0;39m Tomcat initialized with port(s): 9999 (http)
[2m2020-07-20 18:51:43.961[0;39m [32m INFO[0;39m [35m6528[0;39m [2m---[0;39m [2m[  restartedMain][0;39m [36mw.s.c.ServletWebServerApplicationContext[0;39m [2m:[0;39m Root WebApplicationContext: initialization completed in 931 ms
[2m2020-07-20 18:51:44.073[0;39m [32m INFO[0;39m [35m6528[0;39m [2m---[0;39m [2m[  restartedMain][0;39m [36mo.s.s.concurrent.ThreadPoolTaskExecutor [0;39m [2m:[0;39m Initializing ExecutorService 'applicationTaskExecutor'
[2m2020-07-20 18:51:44.112[0;39m [32m INFO[0;39m [35m6528[0;39m [2m---[0;39m [2m[  restartedMain][0;39m [36mo.s.b.a.w.s.WelcomePageHandlerMapping   [0;39m [2m:[0;39m Adding welcome page template: index
[2m2020-07-20 18:51:44.298[0;39m [32m INFO[0;39m [35m6528[0;39m [2m---[0;39m [2m[  restartedMain][0;39m [36mo.s.b.d.a.OptionalLiveReloadServer      [0;39m [2m:[0;39m LiveReload server is running on port 35729
[2m2020-07-20 18:51:44.325[0;39m [32m INFO[0;39m [35m6528[0;39m [2m---[0;39m [2m[  restartedMain][0;39m [36mo.s.b.w.embedded.tomcat.TomcatWebServer [0;39m [2m:[0;39m Tomcat started on port(s): 9999 (http) with context path '/happyhouse'
[2m2020-07-20 18:52:03.091[0;39m [32m INFO[0;39m [35m6528[0;39m [2m---[0;39m [2m[     Thread-164][0;39m [36mo.s.s.concurrent.ThreadPoolTaskExecutor [0;39m [2m:[0;39m Shutting down ExecutorService 'applicationTaskExecutor'
[2m2020-07-20 18:52:03.326[0;39m [33m WARN[0;39m [35m6528[0;39m [2m---[0;39m [2m[  restartedMain][0;39m [36mo.m.s.mapper.ClassPathMapperScanner     [0;39m [2m:[0;39m No MyBatis mapper was found in '[com.ssafy.myapp]' package. Please check your configuration.
[2m2020-07-20 18:52:03.359[0;39m [32m INFO[0;39m [35m6528[0;39m [2m---[0;39m [2m[  restartedMain][0;39m [36mtrationDelegate$BeanPostProcessorChecker[0;39m [2m:[0;39m Bean 'org.springframework.ws.config.annotation.DelegatingWsConfiguration' of type [org.springframework.ws.config.annotation.DelegatingWsConfiguration$$EnhancerBySpringCGLIB$$5d589ff6] is not eligible for getting processed by all BeanPostProcessors (for example: not eligible for auto-proxying)
[2m2020-07-20 18:52:03.360[0;39m [32m INFO[0;39m [35m6528[0;39m [2m---[0;39m [2m[  restartedMain][0;39m [36m.w.s.a.s.AnnotationActionEndpointMapping[0;39m [2m:[0;39m Supporting [WS-Addressing August 2004, WS-Addressing 1.0]
[2m2020-07-20 18:52:03.429[0;39m [32m INFO[0;39m [35m6528[0;39m [2m---[0;39m [2m[  restartedMain][0;39m [36mo.s.b.w.embedded.tomcat.TomcatWebServer [0;39m [2m:[0;39m Tomcat initialized with port(s): 9999 (http)
[2m2020-07-20 18:52:03.481[0;39m [32m INFO[0;39m [35m6528[0;39m [2m---[0;39m [2m[  restartedMain][0;39m [36mw.s.c.ServletWebServerApplicationContext[0;39m [2m:[0;39m Root WebApplicationContext: initialization completed in 301 ms
[2m2020-07-20 18:52:03.527[0;39m [32m INFO[0;39m [35m6528[0;39m [2m---[0;39m [2m[  restartedMain][0;39m [36mo.s.s.concurrent.ThreadPoolTaskExecutor [0;39m [2m:[0;39m Initializing ExecutorService 'applicationTaskExecutor'
[2m2020-07-20 18:52:03.538[0;39m [32m INFO[0;39m [35m6528[0;39m [2m---[0;39m [2m[  restartedMain][0;39m [36mo.s.b.a.w.s.WelcomePageHandlerMapping   [0;39m [2m:[0;39m Adding welcome page template: index
[2m2020-07-20 18:52:03.601[0;39m [32m INFO[0;39m [35m6528[0;39m [2m---[0;39m [2m[  restartedMain][0;39m [36mo.s.b.d.a.OptionalLiveReloadServer      [0;39m [2m:[0;39m LiveReload server is running on port 35729
[2m2020-07-20 18:52:03.611[0;39m [32m INFO[0;39m [35m6528[0;39m [2m---[0;39m [2m[  restartedMain][0;39m [36mo.s.b.w.embedded.tomcat.TomcatWebServer [0;39m [2m:[0;39m Tomcat started on port(s): 9999 (http) with context path '/happyhouse'
[2m2020-07-20 18:52:03.615[0;39m [32m INFO[0;39m [35m6528[0;39m [2m---[0;39m [2m[  restartedMain][0;39m [36m.ConditionEvaluationDeltaLoggingListener[0;39m [2m:[0;39m Condition evaluation unchanged
[2m2020-07-20 18:55:52.799[0;39m [32m INFO[0;39m [35m6528[0;39m [2m---[0;39m [2m[     Thread-167][0;39m [36mo.s.s.concurrent.ThreadPoolTaskExecutor [0;39m [2m:[0;39m Shutting down ExecutorService 'applicationTaskExecutor'
[2m2020-07-20 18:55:53.023[0;39m [33m WARN[0;39m [35m6528[0;39m [2m---[0;39m [2m[  restartedMain][0;39m [36mo.m.s.mapper.ClassPathMapperScanner     [0;39m [2m:[0;39m No MyBatis mapper was found in '[com.ssafy.myapp]' package. Please check your configuration.
[2m2020-07-20 18:55:53.048[0;39m [32m INFO[0;39m [35m6528[0;39m [2m---[0;39m [2m[  restartedMain][0;39m [36mtrationDelegate$BeanPostProcessorChecker[0;39m [2m:[0;39m Bean 'org.springframework.ws.config.annotation.DelegatingWsConfiguration' of type [org.springframework.ws.config.annotation.DelegatingWsConfiguration$$EnhancerBySpringCGLIB$$5d589ff6] is not eligible for getting processed by all BeanPostProcessors (for example: not eligible for auto-proxying)
[2m2020-07-20 18:55:53.049[0;39m [32m INFO[0;39m [35m6528[0;39m [2m---[0;39m [2m[  restartedMain][0;39m [36m.w.s.a.s.AnnotationActionEndpointMapping[0;39m [2m:[0;39m Supporting [WS-Addressing August 2004, WS-Addressing 1.0]
[2m2020-07-20 18:55:53.102[0;39m [32m INFO[0;39m [35m6528[0;39m [2m---[0;39m [2m[  restartedMain][0;39m [36mo.s.b.w.embedded.tomcat.TomcatWebServer [0;39m [2m:[0;39m Tomcat initialized with port(s): 9999 (http)
[2m2020-07-20 18:55:53.145[0;39m [32m INFO[0;39m [35m6528[0;39m [2m---[0;39m [2m[  restartedMain][0;39m [36mw.s.c.ServletWebServerApplicationContext[0;39m [2m:[0;39m Root WebApplicationContext: initialization completed in 245 ms
[2m2020-07-20 18:55:53.174[0;39m [32m INFO[0;39m [35m6528[0;39m [2m---[0;39m [2m[  restartedMain][0;39m [36mo.s.s.concurrent.ThreadPoolTaskExecutor [0;39m [2m:[0;39m Initializing ExecutorService 'applicationTaskExecutor'
[2m2020-07-20 18:55:53.185[0;39m [32m INFO[0;39m [35m6528[0;39m [2m---[0;39m [2m[  restartedMain][0;39m [36mo.s.b.a.w.s.WelcomePageHandlerMapping   [0;39m [2m:[0;39m Adding welcome page template: index
[2m2020-07-20 18:55:53.240[0;39m [32m INFO[0;39m [35m6528[0;39m [2m---[0;39m [2m[  restartedMain][0;39m [36mo.s.b.d.a.OptionalLiveReloadServer      [0;39m [2m:[0;39m LiveReload server is running on port 35729
[2m2020-07-20 18:55:53.248[0;39m [32m INFO[0;39m [35m6528[0;39m [2m---[0;39m [2m[  restartedMain][0;39m [36mo.s.b.w.embedded.tomcat.TomcatWebServer [0;39m [2m:[0;39m Tomcat started on port(s): 9999 (http) with context path '/happyhouse'
[2m2020-07-20 18:55:53.251[0;39m [32m INFO[0;39m [35m6528[0;39m [2m---[0;39m [2m[  restartedMain][0;39m [36m.ConditionEvaluationDeltaLoggingListener[0;39m [2m:[0;39m Condition evaluation unchanged
[2m2020-07-20 18:58:41.849[0;39m [32m INFO[0;39m [35m15588[0;39m [2m---[0;39m [2m[  restartedMain][0;39m [36m.e.DevToolsPropertyDefaultsPostProcessor[0;39m [2m:[0;39m Devtools property defaults active! Set 'spring.devtools.add-properties' to 'false' to disable
[2m2020-07-20 18:58:41.850[0;39m [32m INFO[0;39m [35m15588[0;39m [2m---[0;39m [2m[  restartedMain][0;39m [36m.e.DevToolsPropertyDefaultsPostProcessor[0;39m [2m:[0;39m For additional web related logging consider setting the 'logging.level.web' property to 'DEBUG'
[2m2020-07-20 18:58:42.191[0;39m [33m WARN[0;39m [35m15588[0;39m [2m---[0;39m [2m[  restartedMain][0;39m [36mo.m.s.mapper.ClassPathMapperScanner     [0;39m [2m:[0;39m No MyBatis mapper was found in '[com.ssafy.myapp]' package. Please check your configuration.
[2m2020-07-20 18:58:42.345[0;39m [32m INFO[0;39m [35m15588[0;39m [2m---[0;39m [2m[  restartedMain][0;39m [36mtrationDelegate$BeanPostProcessorChecker[0;39m [2m:[0;39m Bean 'org.springframework.ws.config.annotation.DelegatingWsConfiguration' of type [org.springframework.ws.config.annotation.DelegatingWsConfiguration$$EnhancerBySpringCGLIB$$d74590f4] is not eligible for getting processed by all BeanPostProcessors (for example: not eligible for auto-proxying)
[2m2020-07-20 18:58:42.365[0;39m [32m INFO[0;39m [35m15588[0;39m [2m---[0;39m [2m[  restartedMain][0;39m [36m.w.s.a.s.AnnotationActionEndpointMapping[0;39m [2m:[0;39m Supporting [WS-Addressing August 2004, WS-Addressing 1.0]
[2m2020-07-20 18:58:42.538[0;39m [32m INFO[0;39m [35m15588[0;39m [2m---[0;39m [2m[  restartedMain][0;39m [36mo.s.b.w.embedded.tomcat.TomcatWebServer [0;39m [2m:[0;39m Tomcat initialized with port(s): 9999 (http)
[2m2020-07-20 18:58:42.682[0;39m [32m INFO[0;39m [35m15588[0;39m [2m---[0;39m [2m[  restartedMain][0;39m [36mw.s.c.ServletWebServerApplicationContext[0;39m [2m:[0;39m Root WebApplicationContext: initialization completed in 831 ms
[2m2020-07-20 18:58:42.780[0;39m [32m INFO[0;39m [35m15588[0;39m [2m---[0;39m [2m[  restartedMain][0;39m [36mo.s.s.concurrent.ThreadPoolTaskExecutor [0;39m [2m:[0;39m Initializing ExecutorService 'applicationTaskExecutor'
[2m2020-07-20 18:58:42.819[0;39m [32m INFO[0;39m [35m15588[0;39m [2m---[0;39m [2m[  restartedMain][0;39m [36mo.s.b.a.w.s.WelcomePageHandlerMapping   [0;39m [2m:[0;39m Adding welcome page template: index
[2m2020-07-20 18:58:42.999[0;39m [33m WARN[0;39m [35m15588[0;39m [2m---[0;39m [2m[  restartedMain][0;39m [36mo.s.b.d.a.OptionalLiveReloadServer      [0;39m [2m:[0;39m Unable to start LiveReload server
[2m2020-07-20 18:58:43.015[0;39m [33m WARN[0;39m [35m15588[0;39m [2m---[0;39m [2m[  restartedMain][0;39m [36mConfigServletWebServerApplicationContext[0;39m [2m:[0;39m Exception encountered during context initialization - cancelling refresh attempt: org.springframework.context.ApplicationContextException: Failed to start bean 'webServerStartStop'; nested exception is org.springframework.boot.web.server.PortInUseException: Port 9999 is already in use
[2m2020-07-20 18:58:43.017[0;39m [32m INFO[0;39m [35m15588[0;39m [2m---[0;39m [2m[  restartedMain][0;39m [36mo.s.s.concurrent.ThreadPoolTaskExecutor [0;39m [2m:[0;39m Shutting down ExecutorService 'applicationTaskExecutor'
[2m2020-07-20 18:58:43.025[0;39m [32m INFO[0;39m [35m15588[0;39m [2m---[0;39m [2m[  restartedMain][0;39m [36mConditionEvaluationReportLoggingListener[0;39m [2m:[0;39m 

Error starting ApplicationContext. To display the conditions report re-run your application with 'debug' enabled.
[2m2020-07-20 18:58:43.029[0;39m [31mERROR[0;39m [35m15588[0;39m [2m---[0;39m [2m[  restartedMain][0;39m [36mo.s.b.d.LoggingFailureAnalysisReporter  [0;39m [2m:[0;39m 

***************************
APPLICATION FAILED TO START
***************************

Description:

Web server failed to start. Port 9999 was already in use.

Action:

Identify and stop the process that's listening on port 9999 or configure this application to listen on another port.

[2m2020-07-20 18:58:51.396[0;39m [32m INFO[0;39m [35m6528[0;39m [2m---[0;39m [2m[on(2)-127.0.0.1][0;39m [36minMXBeanRegistrar$SpringApplicationAdmin[0;39m [2m:[0;39m Application shutdown requested.
[2m2020-07-20 18:58:51.647[0;39m [32m INFO[0;39m [35m6528[0;39m [2m---[0;39m [2m[on(2)-127.0.0.1][0;39m [36mo.s.s.concurrent.ThreadPoolTaskExecutor [0;39m [2m:[0;39m Shutting down ExecutorService 'applicationTaskExecutor'
[2m2020-07-20 18:58:57.291[0;39m [32m INFO[0;39m [35m7956[0;39m [2m---[0;39m [2m[  restartedMain][0;39m [36m.e.DevToolsPropertyDefaultsPostProcessor[0;39m [2m:[0;39m Devtools property defaults active! Set 'spring.devtools.add-properties' to 'false' to disable
[2m2020-07-20 18:58:57.293[0;39m [32m INFO[0;39m [35m7956[0;39m [2m---[0;39m [2m[  restartedMain][0;39m [36m.e.DevToolsPropertyDefaultsPostProcessor[0;39m [2m:[0;39m For additional web related logging consider setting the 'logging.level.web' property to 'DEBUG'
[2m2020-07-20 18:58:57.692[0;39m [33m WARN[0;39m [35m7956[0;39m [2m---[0;39m [2m[  restartedMain][0;39m [36mo.m.s.mapper.ClassPathMapperScanner     [0;39m [2m:[0;39m No MyBatis mapper was found in '[com.ssafy.myapp]' package. Please check your configuration.
[2m2020-07-20 18:58:57.873[0;39m [32m INFO[0;39m [35m7956[0;39m [2m---[0;39m [2m[  restartedMain][0;39m [36mtrationDelegate$BeanPostProcessorChecker[0;39m [2m:[0;39m Bean 'org.springframework.ws.config.annotation.DelegatingWsConfiguration' of type [org.springframework.ws.config.annotation.DelegatingWsConfiguration$$EnhancerBySpringCGLIB$$317f9ce7] is not eligible for getting processed by all BeanPostProcessors (for example: not eligible for auto-proxying)
[2m2020-07-20 18:58:57.893[0;39m [32m INFO[0;39m [35m7956[0;39m [2m---[0;39m [2m[  restartedMain][0;39m [36m.w.s.a.s.AnnotationActionEndpointMapping[0;39m [2m:[0;39m Supporting [WS-Addressing August 2004, WS-Addressing 1.0]
[2m2020-07-20 18:58:58.100[0;39m [32m INFO[0;39m [35m7956[0;39m [2m---[0;39m [2m[  restartedMain][0;39m [36mo.s.b.w.embedded.tomcat.TomcatWebServer [0;39m [2m:[0;39m Tomcat initialized with port(s): 9999 (http)
[2m2020-07-20 18:58:58.270[0;39m [32m INFO[0;39m [35m7956[0;39m [2m---[0;39m [2m[  restartedMain][0;39m [36mw.s.c.ServletWebServerApplicationContext[0;39m [2m:[0;39m Root WebApplicationContext: initialization completed in 977 ms
[2m2020-07-20 18:58:58.389[0;39m [32m INFO[0;39m [35m7956[0;39m [2m---[0;39m [2m[  restartedMain][0;39m [36mo.s.s.concurrent.ThreadPoolTaskExecutor [0;39m [2m:[0;39m Initializing ExecutorService 'applicationTaskExecutor'
[2m2020-07-20 18:58:58.434[0;39m [32m INFO[0;39m [35m7956[0;39m [2m---[0;39m [2m[  restartedMain][0;39m [36mo.s.b.a.w.s.WelcomePageHandlerMapping   [0;39m [2m:[0;39m Adding welcome page template: index
[2m2020-07-20 18:58:58.645[0;39m [32m INFO[0;39m [35m7956[0;39m [2m---[0;39m [2m[  restartedMain][0;39m [36mo.s.b.d.a.OptionalLiveReloadServer      [0;39m [2m:[0;39m LiveReload server is running on port 35729
[2m2020-07-20 18:58:58.675[0;39m [32m INFO[0;39m [35m7956[0;39m [2m---[0;39m [2m[  restartedMain][0;39m [36mo.s.b.w.embedded.tomcat.TomcatWebServer [0;39m [2m:[0;39m Tomcat started on port(s): 9999 (http) with context path '/happyhouse'
[2m2020-07-20 18:59:02.564[0;39m [32m INFO[0;39m [35m7956[0;39m [2m---[0;39m [2m[on(2)-127.0.0.1][0;39m [36minMXBeanRegistrar$SpringApplicationAdmin[0;39m [2m:[0;39m Application shutdown requested.
[2m2020-07-20 18:59:02.824[0;39m [32m INFO[0;39m [35m7956[0;39m [2m---[0;39m [2m[on(2)-127.0.0.1][0;39m [36mo.s.s.concurrent.ThreadPoolTaskExecutor [0;39m [2m:[0;39m Shutting down ExecutorService 'applicationTaskExecutor'
[2m2020-07-20 18:59:18.892[0;39m [32m INFO[0;39m [35m15404[0;39m [2m---[0;39m [2m[  restartedMain][0;39m [36m.e.DevToolsPropertyDefaultsPostProcessor[0;39m [2m:[0;39m Devtools property defaults active! Set 'spring.devtools.add-properties' to 'false' to disable
[2m2020-07-20 18:59:18.893[0;39m [32m INFO[0;39m [35m15404[0;39m [2m---[0;39m [2m[  restartedMain][0;39m [36m.e.DevToolsPropertyDefaultsPostProcessor[0;39m [2m:[0;39m For additional web related logging consider setting the 'logging.level.web' property to 'DEBUG'
[2m2020-07-20 18:59:19.246[0;39m [33m WARN[0;39m [35m15404[0;39m [2m---[0;39m [2m[  restartedMain][0;39m [36mo.m.s.mapper.ClassPathMapperScanner     [0;39m [2m:[0;39m No MyBatis mapper was found in '[com.ssafy.myapp]' package. Please check your configuration.
[2m2020-07-20 18:59:19.408[0;39m [32m INFO[0;39m [35m15404[0;39m [2m---[0;39m [2m[  restartedMain][0;39m [36mtrationDelegate$BeanPostProcessorChecker[0;39m [2m:[0;39m Bean 'org.springframework.ws.config.annotation.DelegatingWsConfiguration' of type [org.springframework.ws.config.annotation.DelegatingWsConfiguration$$EnhancerBySpringCGLIB$$c8112251] is not eligible for getting processed by all BeanPostProcessors (for example: not eligible for auto-proxying)
[2m2020-07-20 18:59:19.428[0;39m [32m INFO[0;39m [35m15404[0;39m [2m---[0;39m [2m[  restartedMain][0;39m [36m.w.s.a.s.AnnotationActionEndpointMapping[0;39m [2m:[0;39m Supporting [WS-Addressing August 2004, WS-Addressing 1.0]
[2m2020-07-20 18:59:19.603[0;39m [32m INFO[0;39m [35m15404[0;39m [2m---[0;39m [2m[  restartedMain][0;39m [36mo.s.b.w.embedded.tomcat.TomcatWebServer [0;39m [2m:[0;39m Tomcat initialized with port(s): 9999 (http)
[2m2020-07-20 18:59:19.756[0;39m [32m INFO[0;39m [35m15404[0;39m [2m---[0;39m [2m[  restartedMain][0;39m [36mw.s.c.ServletWebServerApplicationContext[0;39m [2m:[0;39m Root WebApplicationContext: initialization completed in 862 ms
[2m2020-07-20 18:59:19.862[0;39m [32m INFO[0;39m [35m15404[0;39m [2m---[0;39m [2m[  restartedMain][0;39m [36mo.s.s.concurrent.ThreadPoolTaskExecutor [0;39m [2m:[0;39m Initializing ExecutorService 'applicationTaskExecutor'
[2m2020-07-20 18:59:19.902[0;39m [32m INFO[0;39m [35m15404[0;39m [2m---[0;39m [2m[  restartedMain][0;39m [36mo.s.b.a.w.s.WelcomePageHandlerMapping   [0;39m [2m:[0;39m Adding welcome page template: index
[2m2020-07-20 18:59:20.091[0;39m [32m INFO[0;39m [35m15404[0;39m [2m---[0;39m [2m[  restartedMain][0;39m [36mo.s.b.d.a.OptionalLiveReloadServer      [0;39m [2m:[0;39m LiveReload server is running on port 35729
[2m2020-07-20 18:59:20.117[0;39m [32m INFO[0;39m [35m15404[0;39m [2m---[0;39m [2m[  restartedMain][0;39m [36mo.s.b.w.embedded.tomcat.TomcatWebServer [0;39m [2m:[0;39m Tomcat started on port(s): 9999 (http) with context path '/happyhouse'
[2m2020-07-20 18:59:25.811[0;39m [32m INFO[0;39m [35m15404[0;39m [2m---[0;39m [2m[     Thread-164][0;39m [36mo.s.s.concurrent.ThreadPoolTaskExecutor [0;39m [2m:[0;39m Shutting down ExecutorService 'applicationTaskExecutor'
[2m2020-07-20 18:59:26.082[0;39m [33m WARN[0;39m [35m15404[0;39m [2m---[0;39m [2m[  restartedMain][0;39m [36mo.m.s.mapper.ClassPathMapperScanner     [0;39m [2m:[0;39m No MyBatis mapper was found in '[com.ssafy.myapp]' package. Please check your configuration.
[2m2020-07-20 18:59:26.115[0;39m [32m INFO[0;39m [35m15404[0;39m [2m---[0;39m [2m[  restartedMain][0;39m [36mtrationDelegate$BeanPostProcessorChecker[0;39m [2m:[0;39m Bean 'org.springframework.ws.config.annotation.DelegatingWsConfiguration' of type [org.springframework.ws.config.annotation.DelegatingWsConfiguration$$EnhancerBySpringCGLIB$$c8112251] is not eligible for getting processed by all BeanPostProcessors (for example: not eligible for auto-proxying)
[2m2020-07-20 18:59:26.117[0;39m [32m INFO[0;39m [35m15404[0;39m [2m---[0;39m [2m[  restartedMain][0;39m [36m.w.s.a.s.AnnotationActionEndpointMapping[0;39m [2m:[0;39m Supporting [WS-Addressing August 2004, WS-Addressing 1.0]
[2m2020-07-20 18:59:26.185[0;39m [32m INFO[0;39m [35m15404[0;39m [2m---[0;39m [2m[  restartedMain][0;39m [36mo.s.b.w.embedded.tomcat.TomcatWebServer [0;39m [2m:[0;39m Tomcat initialized with port(s): 9999 (http)
[2m2020-07-20 18:59:26.241[0;39m [32m INFO[0;39m [35m15404[0;39m [2m---[0;39m [2m[  restartedMain][0;39m [36mw.s.c.ServletWebServerApplicationContext[0;39m [2m:[0;39m Root WebApplicationContext: initialization completed in 313 ms
[2m2020-07-20 18:59:26.277[0;39m [32m INFO[0;39m [35m15404[0;39m [2m---[0;39m [2m[  restartedMain][0;39m [36mo.s.s.concurrent.ThreadPoolTaskExecutor [0;39m [2m:[0;39m Initializing ExecutorService 'applicationTaskExecutor'
[2m2020-07-20 18:59:26.286[0;39m [32m INFO[0;39m [35m15404[0;39m [2m---[0;39m [2m[  restartedMain][0;39m [36mo.s.b.a.w.s.WelcomePageHandlerMapping   [0;39m [2m:[0;39m Adding welcome page template: index
[2m2020-07-20 18:59:26.352[0;39m [32m INFO[0;39m [35m15404[0;39m [2m---[0;39m [2m[  restartedMain][0;39m [36mo.s.b.d.a.OptionalLiveReloadServer      [0;39m [2m:[0;39m LiveReload server is running on port 35729
[2m2020-07-20 18:59:26.360[0;39m [32m INFO[0;39m [35m15404[0;39m [2m---[0;39m [2m[  restartedMain][0;39m [36mo.s.b.w.embedded.tomcat.TomcatWebServer [0;39m [2m:[0;39m Tomcat started on port(s): 9999 (http) with context path '/happyhouse'
[2m2020-07-20 18:59:26.363[0;39m [32m INFO[0;39m [35m15404[0;39m [2m---[0;39m [2m[  restartedMain][0;39m [36m.ConditionEvaluationDeltaLoggingListener[0;39m [2m:[0;39m Condition evaluation unchanged
[2m2020-07-20 18:59:41.968[0;39m [32m INFO[0;39m [35m15404[0;39m [2m---[0;39m [2m[     Thread-167][0;39m [36mo.s.s.concurrent.ThreadPoolTaskExecutor [0;39m [2m:[0;39m Shutting down ExecutorService 'applicationTaskExecutor'
[2m2020-07-20 18:59:42.192[0;39m [33m WARN[0;39m [35m15404[0;39m [2m---[0;39m [2m[  restartedMain][0;39m [36mo.m.s.mapper.ClassPathMapperScanner     [0;39m [2m:[0;39m No MyBatis mapper was found in '[com.ssafy.myapp]' package. Please check your configuration.
[2m2020-07-20 18:59:42.218[0;39m [32m INFO[0;39m [35m15404[0;39m [2m---[0;39m [2m[  restartedMain][0;39m [36mtrationDelegate$BeanPostProcessorChecker[0;39m [2m:[0;39m Bean 'org.springframework.ws.config.annotation.DelegatingWsConfiguration' of type [org.springframework.ws.config.annotation.DelegatingWsConfiguration$$EnhancerBySpringCGLIB$$c8112251] is not eligible for getting processed by all BeanPostProcessors (for example: not eligible for auto-proxying)
[2m2020-07-20 18:59:42.219[0;39m [32m INFO[0;39m [35m15404[0;39m [2m---[0;39m [2m[  restartedMain][0;39m [36m.w.s.a.s.AnnotationActionEndpointMapping[0;39m [2m:[0;39m Supporting [WS-Addressing August 2004, WS-Addressing 1.0]
[2m2020-07-20 18:59:42.278[0;39m [32m INFO[0;39m [35m15404[0;39m [2m---[0;39m [2m[  restartedMain][0;39m [36mo.s.b.w.embedded.tomcat.TomcatWebServer [0;39m [2m:[0;39m Tomcat initialized with port(s): 9999 (http)
[2m2020-07-20 18:59:42.327[0;39m [32m INFO[0;39m [35m15404[0;39m [2m---[0;39m [2m[  restartedMain][0;39m [36mw.s.c.ServletWebServerApplicationContext[0;39m [2m:[0;39m Root WebApplicationContext: initialization completed in 252 ms
[2m2020-07-20 18:59:42.361[0;39m [32m INFO[0;39m [35m15404[0;39m [2m---[0;39m [2m[  restartedMain][0;39m [36mo.s.s.concurrent.ThreadPoolTaskExecutor [0;39m [2m:[0;39m Initializing ExecutorService 'applicationTaskExecutor'
[2m2020-07-20 18:59:42.370[0;39m [32m INFO[0;39m [35m15404[0;39m [2m---[0;39m [2m[  restartedMain][0;39m [36mo.s.b.a.w.s.WelcomePageHandlerMapping   [0;39m [2m:[0;39m Adding welcome page template: index
[2m2020-07-20 18:59:42.426[0;39m [32m INFO[0;39m [35m15404[0;39m [2m---[0;39m [2m[  restartedMain][0;39m [36mo.s.b.d.a.OptionalLiveReloadServer      [0;39m [2m:[0;39m LiveReload server is running on port 35729
[2m2020-07-20 18:59:42.434[0;39m [32m INFO[0;39m [35m15404[0;39m [2m---[0;39m [2m[  restartedMain][0;39m [36mo.s.b.w.embedded.tomcat.TomcatWebServer [0;39m [2m:[0;39m Tomcat started on port(s): 9999 (http) with context path '/happyhouse'
[2m2020-07-20 18:59:42.437[0;39m [32m INFO[0;39m [35m15404[0;39m [2m---[0;39m [2m[  restartedMain][0;39m [36m.ConditionEvaluationDeltaLoggingListener[0;39m [2m:[0;39m Condition evaluation unchanged
[2m2020-07-20 19:05:57.369[0;39m [32m INFO[0;39m [35m15404[0;39m [2m---[0;39m [2m[     Thread-330][0;39m [36mo.s.s.concurrent.ThreadPoolTaskExecutor [0;39m [2m:[0;39m Shutting down ExecutorService 'applicationTaskExecutor'
[2m2020-07-20 19:05:57.590[0;39m [33m WARN[0;39m [35m15404[0;39m [2m---[0;39m [2m[  restartedMain][0;39m [36mo.m.s.mapper.ClassPathMapperScanner     [0;39m [2m:[0;39m No MyBatis mapper was found in '[com.ssafy.myapp]' package. Please check your configuration.
[2m2020-07-20 19:05:57.614[0;39m [32m INFO[0;39m [35m15404[0;39m [2m---[0;39m [2m[  restartedMain][0;39m [36mtrationDelegate$BeanPostProcessorChecker[0;39m [2m:[0;39m Bean 'org.springframework.ws.config.annotation.DelegatingWsConfiguration' of type [org.springframework.ws.config.annotation.DelegatingWsConfiguration$$EnhancerBySpringCGLIB$$c8112251] is not eligible for getting processed by all BeanPostProcessors (for example: not eligible for auto-proxying)
[2m2020-07-20 19:05:57.615[0;39m [32m INFO[0;39m [35m15404[0;39m [2m---[0;39m [2m[  restartedMain][0;39m [36m.w.s.a.s.AnnotationActionEndpointMapping[0;39m [2m:[0;39m Supporting [WS-Addressing August 2004, WS-Addressing 1.0]
[2m2020-07-20 19:05:57.668[0;39m [32m INFO[0;39m [35m15404[0;39m [2m---[0;39m [2m[  restartedMain][0;39m [36mo.s.b.w.embedded.tomcat.TomcatWebServer [0;39m [2m:[0;39m Tomcat initialized with port(s): 9999 (http)
[2m2020-07-20 19:05:57.709[0;39m [32m INFO[0;39m [35m15404[0;39m [2m---[0;39m [2m[  restartedMain][0;39m [36mw.s.c.ServletWebServerApplicationContext[0;39m [2m:[0;39m Root WebApplicationContext: initialization completed in 234 ms
[2m2020-07-20 19:05:57.735[0;39m [32m INFO[0;39m [35m15404[0;39m [2m---[0;39m [2m[  restartedMain][0;39m [36mo.s.s.concurrent.ThreadPoolTaskExecutor [0;39m [2m:[0;39m Initializing ExecutorService 'applicationTaskExecutor'
[2m2020-07-20 19:05:57.744[0;39m [32m INFO[0;39m [35m15404[0;39m [2m---[0;39m [2m[  restartedMain][0;39m [36mo.s.b.a.w.s.WelcomePageHandlerMapping   [0;39m [2m:[0;39m Adding welcome page template: index
[2m2020-07-20 19:05:57.764[0;39m [33m WARN[0;39m [35m15404[0;39m [2m---[0;39m [2m[  restartedMain][0;39m [36mConfigServletWebServerApplicationContext[0;39m [2m:[0;39m Exception encountered during context initialization - cancelling refresh attempt: org.springframework.beans.factory.BeanCreationException: Error creating bean with name 'sqlSessionFactory' defined in class path resource [org/mybatis/spring/boot/autoconfigure/MybatisAutoConfiguration.class]: Bean instantiation via factory method failed; nested exception is org.springframework.beans.BeanInstantiationException: Failed to instantiate [org.apache.ibatis.session.SqlSessionFactory]: Factory method 'sqlSessionFactory' threw exception; nested exception is java.io.FileNotFoundException: class path resource [config/mybatis-config.xml] cannot be opened because it does not exist
[2m2020-07-20 19:05:57.764[0;39m [32m INFO[0;39m [35m15404[0;39m [2m---[0;39m [2m[  restartedMain][0;39m [36mo.s.s.concurrent.ThreadPoolTaskExecutor [0;39m [2m:[0;39m Shutting down ExecutorService 'applicationTaskExecutor'
[2m2020-07-20 19:05:57.768[0;39m [32m INFO[0;39m [35m15404[0;39m [2m---[0;39m [2m[  restartedMain][0;39m [36mConditionEvaluationReportLoggingListener[0;39m [2m:[0;39m 

Error starting ApplicationContext. To display the conditions report re-run your application with 'debug' enabled.
[2m2020-07-20 19:05:57.774[0;39m [31mERROR[0;39m [35m15404[0;39m [2m---[0;39m [2m[  restartedMain][0;39m [36mo.s.boot.SpringApplication              [0;39m [2m:[0;39m Application run failed

org.springframework.beans.factory.BeanCreationException: Error creating bean with name 'sqlSessionFactory' defined in class path resource [org/mybatis/spring/boot/autoconfigure/MybatisAutoConfiguration.class]: Bean instantiation via factory method failed; nested exception is org.springframework.beans.BeanInstantiationException: Failed to instantiate [org.apache.ibatis.session.SqlSessionFactory]: Factory method 'sqlSessionFactory' threw exception; nested exception is java.io.FileNotFoundException: class path resource [config/mybatis-config.xml] cannot be opened because it does not exist
	at org.springframework.beans.factory.support.ConstructorResolver.instantiate(ConstructorResolver.java:655)
	at org.springframework.beans.factory.support.ConstructorResolver.instantiateUsingFactoryMethod(ConstructorResolver.java:635)
	at org.springframework.beans.factory.support.AbstractAutowireCapableBeanFactory.instantiateUsingFactoryMethod(AbstractAutowireCapableBeanFactory.java:1338)
	at org.springframework.beans.factory.support.AbstractAutowireCapableBeanFactory.createBeanInstance(AbstractAutowireCapableBeanFactory.java:1177)
	at org.springframework.beans.factory.support.AbstractAutowireCapableBeanFactory.doCreateBean(AbstractAutowireCapableBeanFactory.java:557)
	at org.springframework.beans.factory.support.AbstractAutowireCapableBeanFactory.createBean(AbstractAutowireCapableBeanFactory.java:517)
	at org.springframework.beans.factory.support.AbstractBeanFactory.lambda$doGetBean$0(AbstractBeanFactory.java:323)
	at org.springframework.beans.factory.support.DefaultSingletonBeanRegistry.getSingleton(DefaultSingletonBeanRegistry.java:226)
	at org.springframework.beans.factory.support.AbstractBeanFactory.doGetBean(AbstractBeanFactory.java:321)
	at org.springframework.beans.factory.support.AbstractBeanFactory.getBean(AbstractBeanFactory.java:202)
	at org.springframework.beans.factory.support.DefaultListableBeanFactory.preInstantiateSingletons(DefaultListableBeanFactory.java:893)
	at org.springframework.context.support.AbstractApplicationContext.finishBeanFactoryInitialization(AbstractApplicationContext.java:879)
	at org.springframework.context.support.AbstractApplicationContext.refresh(AbstractApplicationContext.java:551)
	at org.springframework.boot.web.servlet.context.ServletWebServerApplicationContext.refresh(ServletWebServerApplicationContext.java:143)
	at org.springframework.boot.SpringApplication.refresh(SpringApplication.java:758)
	at org.springframework.boot.SpringApplication.refresh(SpringApplication.java:750)
	at org.springframework.boot.SpringApplication.refreshContext(SpringApplication.java:397)
	at org.springframework.boot.SpringApplication.run(SpringApplication.java:315)
	at org.springframework.boot.SpringApplication.run(SpringApplication.java:1237)
	at org.springframework.boot.SpringApplication.run(SpringApplication.java:1226)
	at com.ssafy.myapp.SsafyProject1Application.main(SsafyProject1Application.java:10)
	at sun.reflect.NativeMethodAccessorImpl.invoke0(Native Method)
	at sun.reflect.NativeMethodAccessorImpl.invoke(NativeMethodAccessorImpl.java:62)
	at sun.reflect.DelegatingMethodAccessorImpl.invoke(DelegatingMethodAccessorImpl.java:43)
	at java.lang.reflect.Method.invoke(Method.java:498)
	at org.springframework.boot.devtools.restart.RestartLauncher.run(RestartLauncher.java:49)
Caused by: org.springframework.beans.BeanInstantiationException: Failed to instantiate [org.apache.ibatis.session.SqlSessionFactory]: Factory method 'sqlSessionFactory' threw exception; nested exception is java.io.FileNotFoundException: class path resource [config/mybatis-config.xml] cannot be opened because it does not exist
	at org.springframework.beans.factory.support.SimpleInstantiationStrategy.instantiate(SimpleInstantiationStrategy.java:185)
	at org.springframework.beans.factory.support.ConstructorResolver.instantiate(ConstructorResolver.java:650)
	... 25 common frames omitted
Caused by: java.io.FileNotFoundException: class path resource [config/mybatis-config.xml] cannot be opened because it does not exist
	at org.springframework.core.io.ClassPathResource.getInputStream(ClassPathResource.java:180)
	at org.mybatis.spring.SqlSessionFactoryBean.buildSqlSessionFactory(SqlSessionFactoryBean.java:406)
	at org.mybatis.spring.SqlSessionFactoryBean.afterPropertiesSet(SqlSessionFactoryBean.java:380)
	at org.mybatis.spring.SqlSessionFactoryBean.getObject(SqlSessionFactoryBean.java:547)
	at org.mybatis.spring.boot.autoconfigure.MybatisAutoConfiguration.sqlSessionFactory(MybatisAutoConfiguration.java:153)
	at org.mybatis.spring.boot.autoconfigure.MybatisAutoConfiguration$$EnhancerBySpringCGLIB$$564dae82.CGLIB$sqlSessionFactory$0(<generated>)
	at org.mybatis.spring.boot.autoconfigure.MybatisAutoConfiguration$$EnhancerBySpringCGLIB$$564dae82$$FastClassBySpringCGLIB$$d784c8dd.invoke(<generated>)
	at org.springframework.cglib.proxy.MethodProxy.invokeSuper(MethodProxy.java:244)
	at org.springframework.context.annotation.ConfigurationClassEnhancer$BeanMethodInterceptor.intercept(ConfigurationClassEnhancer.java:331)
	at org.mybatis.spring.boot.autoconfigure.MybatisAutoConfiguration$$EnhancerBySpringCGLIB$$564dae82.sqlSessionFactory(<generated>)
	at sun.reflect.NativeMethodAccessorImpl.invoke0(Native Method)
	at sun.reflect.NativeMethodAccessorImpl.invoke(NativeMethodAccessorImpl.java:62)
	at sun.reflect.DelegatingMethodAccessorImpl.invoke(DelegatingMethodAccessorImpl.java:43)
	at java.lang.reflect.Method.invoke(Method.java:498)
	at org.springframework.beans.factory.support.SimpleInstantiationStrategy.instantiate(SimpleInstantiationStrategy.java:154)
	... 26 common frames omitted

[2m2020-07-20 19:07:55.445[0;39m [33m WARN[0;39m [35m15404[0;39m [2m---[0;39m [2m[  restartedMain][0;39m [36mo.m.s.mapper.ClassPathMapperScanner     [0;39m [2m:[0;39m No MyBatis mapper was found in '[com.ssafy.myapp]' package. Please check your configuration.
[2m2020-07-20 19:07:55.469[0;39m [32m INFO[0;39m [35m15404[0;39m [2m---[0;39m [2m[  restartedMain][0;39m [36mtrationDelegate$BeanPostProcessorChecker[0;39m [2m:[0;39m Bean 'org.springframework.ws.config.annotation.DelegatingWsConfiguration' of type [org.springframework.ws.config.annotation.DelegatingWsConfiguration$$EnhancerBySpringCGLIB$$c8112251] is not eligible for getting processed by all BeanPostProcessors (for example: not eligible for auto-proxying)
[2m2020-07-20 19:07:55.470[0;39m [32m INFO[0;39m [35m15404[0;39m [2m---[0;39m [2m[  restartedMain][0;39m [36m.w.s.a.s.AnnotationActionEndpointMapping[0;39m [2m:[0;39m Supporting [WS-Addressing August 2004, WS-Addressing 1.0]
[2m2020-07-20 19:07:55.522[0;39m [32m INFO[0;39m [35m15404[0;39m [2m---[0;39m [2m[  restartedMain][0;39m [36mo.s.b.w.embedded.tomcat.TomcatWebServer [0;39m [2m:[0;39m Tomcat initialized with port(s): 9999 (http)
[2m2020-07-20 19:07:55.569[0;39m [32m INFO[0;39m [35m15404[0;39m [2m---[0;39m [2m[  restartedMain][0;39m [36mw.s.c.ServletWebServerApplicationContext[0;39m [2m:[0;39m Root WebApplicationContext: initialization completed in 245 ms
[2m2020-07-20 19:07:55.601[0;39m [32m INFO[0;39m [35m15404[0;39m [2m---[0;39m [2m[  restartedMain][0;39m [36mo.s.s.concurrent.ThreadPoolTaskExecutor [0;39m [2m:[0;39m Initializing ExecutorService 'applicationTaskExecutor'
[2m2020-07-20 19:07:55.610[0;39m [32m INFO[0;39m [35m15404[0;39m [2m---[0;39m [2m[  restartedMain][0;39m [36mo.s.b.a.w.s.WelcomePageHandlerMapping   [0;39m [2m:[0;39m Adding welcome page template: index
[2m2020-07-20 19:07:55.667[0;39m [32m INFO[0;39m [35m15404[0;39m [2m---[0;39m [2m[  restartedMain][0;39m [36mo.s.b.d.a.OptionalLiveReloadServer      [0;39m [2m:[0;39m LiveReload server is running on port 35729
[2m2020-07-20 19:07:55.674[0;39m [32m INFO[0;39m [35m15404[0;39m [2m---[0;39m [2m[  restartedMain][0;39m [36mo.s.b.w.embedded.tomcat.TomcatWebServer [0;39m [2m:[0;39m Tomcat started on port(s): 9999 (http) with context path '/happyhouse'
[2m2020-07-20 19:07:55.677[0;39m [32m INFO[0;39m [35m15404[0;39m [2m---[0;39m [2m[  restartedMain][0;39m [36m.ConditionEvaluationDeltaLoggingListener[0;39m [2m:[0;39m Condition evaluation unchanged
[2m2020-07-20 19:09:21.587[0;39m [32m INFO[0;39m [35m16148[0;39m [2m---[0;39m [2m[  restartedMain][0;39m [36m.e.DevToolsPropertyDefaultsPostProcessor[0;39m [2m:[0;39m Devtools property defaults active! Set 'spring.devtools.add-properties' to 'false' to disable
[2m2020-07-20 19:09:21.589[0;39m [32m INFO[0;39m [35m16148[0;39m [2m---[0;39m [2m[  restartedMain][0;39m [36m.e.DevToolsPropertyDefaultsPostProcessor[0;39m [2m:[0;39m For additional web related logging consider setting the 'logging.level.web' property to 'DEBUG'
[2m2020-07-20 19:09:21.950[0;39m [33m WARN[0;39m [35m16148[0;39m [2m---[0;39m [2m[  restartedMain][0;39m [36mo.m.s.mapper.ClassPathMapperScanner     [0;39m [2m:[0;39m No MyBatis mapper was found in '[com.ssafy.myapp]' package. Please check your configuration.
[2m2020-07-20 19:09:22.119[0;39m [32m INFO[0;39m [35m16148[0;39m [2m---[0;39m [2m[  restartedMain][0;39m [36mtrationDelegate$BeanPostProcessorChecker[0;39m [2m:[0;39m Bean 'org.springframework.ws.config.annotation.DelegatingWsConfiguration' of type [org.springframework.ws.config.annotation.DelegatingWsConfiguration$$EnhancerBySpringCGLIB$$431967f7] is not eligible for getting processed by all BeanPostProcessors (for example: not eligible for auto-proxying)
[2m2020-07-20 19:09:22.140[0;39m [32m INFO[0;39m [35m16148[0;39m [2m---[0;39m [2m[  restartedMain][0;39m [36m.w.s.a.s.AnnotationActionEndpointMapping[0;39m [2m:[0;39m Supporting [WS-Addressing August 2004, WS-Addressing 1.0]
[2m2020-07-20 19:09:22.320[0;39m [32m INFO[0;39m [35m16148[0;39m [2m---[0;39m [2m[  restartedMain][0;39m [36mo.s.b.w.embedded.tomcat.TomcatWebServer [0;39m [2m:[0;39m Tomcat initialized with port(s): 9999 (http)
[2m2020-07-20 19:09:22.475[0;39m [32m INFO[0;39m [35m16148[0;39m [2m---[0;39m [2m[  restartedMain][0;39m [36mw.s.c.ServletWebServerApplicationContext[0;39m [2m:[0;39m Root WebApplicationContext: initialization completed in 886 ms
[2m2020-07-20 19:09:22.581[0;39m [32m INFO[0;39m [35m16148[0;39m [2m---[0;39m [2m[  restartedMain][0;39m [36mo.s.s.concurrent.ThreadPoolTaskExecutor [0;39m [2m:[0;39m Initializing ExecutorService 'applicationTaskExecutor'
[2m2020-07-20 19:09:22.621[0;39m [32m INFO[0;39m [35m16148[0;39m [2m---[0;39m [2m[  restartedMain][0;39m [36mo.s.b.a.w.s.WelcomePageHandlerMapping   [0;39m [2m:[0;39m Adding welcome page template: index
[2m2020-07-20 19:09:22.804[0;39m [33m WARN[0;39m [35m16148[0;39m [2m---[0;39m [2m[  restartedMain][0;39m [36mo.s.b.d.a.OptionalLiveReloadServer      [0;39m [2m:[0;39m Unable to start LiveReload server
[2m2020-07-20 19:09:22.822[0;39m [33m WARN[0;39m [35m16148[0;39m [2m---[0;39m [2m[  restartedMain][0;39m [36mConfigServletWebServerApplicationContext[0;39m [2m:[0;39m Exception encountered during context initialization - cancelling refresh attempt: org.springframework.context.ApplicationContextException: Failed to start bean 'webServerStartStop'; nested exception is org.springframework.boot.web.server.PortInUseException: Port 9999 is already in use
[2m2020-07-20 19:09:22.824[0;39m [32m INFO[0;39m [35m16148[0;39m [2m---[0;39m [2m[  restartedMain][0;39m [36mo.s.s.concurrent.ThreadPoolTaskExecutor [0;39m [2m:[0;39m Shutting down ExecutorService 'applicationTaskExecutor'
[2m2020-07-20 19:09:22.835[0;39m [32m INFO[0;39m [35m16148[0;39m [2m---[0;39m [2m[  restartedMain][0;39m [36mConditionEvaluationReportLoggingListener[0;39m [2m:[0;39m 

Error starting ApplicationContext. To display the conditions report re-run your application with 'debug' enabled.
[2m2020-07-20 19:09:22.838[0;39m [31mERROR[0;39m [35m16148[0;39m [2m---[0;39m [2m[  restartedMain][0;39m [36mo.s.b.d.LoggingFailureAnalysisReporter  [0;39m [2m:[0;39m 

***************************
APPLICATION FAILED TO START
***************************

Description:

Web server failed to start. Port 9999 was already in use.

Action:

Identify and stop the process that's listening on port 9999 or configure this application to listen on another port.

[2m2020-07-20 19:09:25.614[0;39m [32m INFO[0;39m [35m15404[0;39m [2m---[0;39m [2m[on(2)-127.0.0.1][0;39m [36minMXBeanRegistrar$SpringApplicationAdmin[0;39m [2m:[0;39m Application shutdown requested.
[2m2020-07-20 19:09:25.907[0;39m [32m INFO[0;39m [35m15404[0;39m [2m---[0;39m [2m[on(2)-127.0.0.1][0;39m [36mo.s.s.concurrent.ThreadPoolTaskExecutor [0;39m [2m:[0;39m Shutting down ExecutorService 'applicationTaskExecutor'
[2m2020-07-20 19:09:37.171[0;39m [32m INFO[0;39m [35m3976[0;39m [2m---[0;39m [2m[  restartedMain][0;39m [36m.e.DevToolsPropertyDefaultsPostProcessor[0;39m [2m:[0;39m Devtools property defaults active! Set 'spring.devtools.add-properties' to 'false' to disable
[2m2020-07-20 19:09:37.172[0;39m [32m INFO[0;39m [35m3976[0;39m [2m---[0;39m [2m[  restartedMain][0;39m [36m.e.DevToolsPropertyDefaultsPostProcessor[0;39m [2m:[0;39m For additional web related logging consider setting the 'logging.level.web' property to 'DEBUG'
[2m2020-07-20 19:09:37.506[0;39m [33m WARN[0;39m [35m3976[0;39m [2m---[0;39m [2m[  restartedMain][0;39m [36mo.m.s.mapper.ClassPathMapperScanner     [0;39m [2m:[0;39m No MyBatis mapper was found in '[com.ssafy.myapp]' package. Please check your configuration.
[2m2020-07-20 19:09:37.656[0;39m [32m INFO[0;39m [35m3976[0;39m [2m---[0;39m [2m[  restartedMain][0;39m [36mtrationDelegate$BeanPostProcessorChecker[0;39m [2m:[0;39m Bean 'org.springframework.ws.config.annotation.DelegatingWsConfiguration' of type [org.springframework.ws.config.annotation.DelegatingWsConfiguration$$EnhancerBySpringCGLIB$$f361ea04] is not eligible for getting processed by all BeanPostProcessors (for example: not eligible for auto-proxying)
[2m2020-07-20 19:09:37.675[0;39m [32m INFO[0;39m [35m3976[0;39m [2m---[0;39m [2m[  restartedMain][0;39m [36m.w.s.a.s.AnnotationActionEndpointMapping[0;39m [2m:[0;39m Supporting [WS-Addressing August 2004, WS-Addressing 1.0]
[2m2020-07-20 19:09:37.838[0;39m [32m INFO[0;39m [35m3976[0;39m [2m---[0;39m [2m[  restartedMain][0;39m [36mo.s.b.w.embedded.tomcat.TomcatWebServer [0;39m [2m:[0;39m Tomcat initialized with port(s): 9999 (http)
[2m2020-07-20 19:09:37.974[0;39m [32m INFO[0;39m [35m3976[0;39m [2m---[0;39m [2m[  restartedMain][0;39m [36mw.s.c.ServletWebServerApplicationContext[0;39m [2m:[0;39m Root WebApplicationContext: initialization completed in 801 ms
[2m2020-07-20 19:09:38.069[0;39m [32m INFO[0;39m [35m3976[0;39m [2m---[0;39m [2m[  restartedMain][0;39m [36mo.s.s.concurrent.ThreadPoolTaskExecutor [0;39m [2m:[0;39m Initializing ExecutorService 'applicationTaskExecutor'
[2m2020-07-20 19:09:38.104[0;39m [32m INFO[0;39m [35m3976[0;39m [2m---[0;39m [2m[  restartedMain][0;39m [36mo.s.b.a.w.s.WelcomePageHandlerMapping   [0;39m [2m:[0;39m Adding welcome page template: index
[2m2020-07-20 19:09:38.273[0;39m [32m INFO[0;39m [35m3976[0;39m [2m---[0;39m [2m[  restartedMain][0;39m [36mo.s.b.d.a.OptionalLiveReloadServer      [0;39m [2m:[0;39m LiveReload server is running on port 35729
[2m2020-07-20 19:09:38.296[0;39m [32m INFO[0;39m [35m3976[0;39m [2m---[0;39m [2m[  restartedMain][0;39m [36mo.s.b.w.embedded.tomcat.TomcatWebServer [0;39m [2m:[0;39m Tomcat started on port(s): 9999 (http) with context path '/happyhouse'
[2m2020-07-20 19:10:08.263[0;39m [32m INFO[0;39m [35m3976[0;39m [2m---[0;39m [2m[     Thread-164][0;39m [36mo.s.s.concurrent.ThreadPoolTaskExecutor [0;39m [2m:[0;39m Shutting down ExecutorService 'applicationTaskExecutor'
[2m2020-07-20 19:10:08.474[0;39m [33m WARN[0;39m [35m3976[0;39m [2m---[0;39m [2m[  restartedMain][0;39m [36mo.m.s.mapper.ClassPathMapperScanner     [0;39m [2m:[0;39m No MyBatis mapper was found in '[com.ssafy.myapp]' package. Please check your configuration.
[2m2020-07-20 19:10:08.500[0;39m [32m INFO[0;39m [35m3976[0;39m [2m---[0;39m [2m[  restartedMain][0;39m [36mtrationDelegate$BeanPostProcessorChecker[0;39m [2m:[0;39m Bean 'org.springframework.ws.config.annotation.DelegatingWsConfiguration' of type [org.springframework.ws.config.annotation.DelegatingWsConfiguration$$EnhancerBySpringCGLIB$$f361ea04] is not eligible for getting processed by all BeanPostProcessors (for example: not eligible for auto-proxying)
[2m2020-07-20 19:10:08.501[0;39m [32m INFO[0;39m [35m3976[0;39m [2m---[0;39m [2m[  restartedMain][0;39m [36m.w.s.a.s.AnnotationActionEndpointMapping[0;39m [2m:[0;39m Supporting [WS-Addressing August 2004, WS-Addressing 1.0]
[2m2020-07-20 19:10:08.557[0;39m [32m INFO[0;39m [35m3976[0;39m [2m---[0;39m [2m[  restartedMain][0;39m [36mo.s.b.w.embedded.tomcat.TomcatWebServer [0;39m [2m:[0;39m Tomcat initialized with port(s): 9999 (http)
[2m2020-07-20 19:10:08.609[0;39m [32m INFO[0;39m [35m3976[0;39m [2m---[0;39m [2m[  restartedMain][0;39m [36mw.s.c.ServletWebServerApplicationContext[0;39m [2m:[0;39m Root WebApplicationContext: initialization completed in 258 ms
[2m2020-07-20 19:10:08.638[0;39m [32m INFO[0;39m [35m3976[0;39m [2m---[0;39m [2m[  restartedMain][0;39m [36mo.s.s.concurrent.ThreadPoolTaskExecutor [0;39m [2m:[0;39m Initializing ExecutorService 'applicationTaskExecutor'
[2m2020-07-20 19:10:08.647[0;39m [32m INFO[0;39m [35m3976[0;39m [2m---[0;39m [2m[  restartedMain][0;39m [36mo.s.b.a.w.s.WelcomePageHandlerMapping   [0;39m [2m:[0;39m Adding welcome page template: index
[2m2020-07-20 19:10:08.698[0;39m [32m INFO[0;39m [35m3976[0;39m [2m---[0;39m [2m[  restartedMain][0;39m [36mo.s.b.d.a.OptionalLiveReloadServer      [0;39m [2m:[0;39m LiveReload server is running on port 35729
[2m2020-07-20 19:10:08.705[0;39m [32m INFO[0;39m [35m3976[0;39m [2m---[0;39m [2m[  restartedMain][0;39m [36mo.s.b.w.embedded.tomcat.TomcatWebServer [0;39m [2m:[0;39m Tomcat started on port(s): 9999 (http) with context path '/happyhouse'
[2m2020-07-20 19:10:08.709[0;39m [32m INFO[0;39m [35m3976[0;39m [2m---[0;39m [2m[  restartedMain][0;39m [36m.ConditionEvaluationDeltaLoggingListener[0;39m [2m:[0;39m Condition evaluation unchanged
[2m2020-07-20 19:10:14.817[0;39m [32m INFO[0;39m [35m3976[0;39m [2m---[0;39m [2m[on(2)-127.0.0.1][0;39m [36minMXBeanRegistrar$SpringApplicationAdmin[0;39m [2m:[0;39m Application shutdown requested.
[2m2020-07-20 19:10:15.061[0;39m [32m INFO[0;39m [35m3976[0;39m [2m---[0;39m [2m[on(2)-127.0.0.1][0;39m [36mo.s.s.concurrent.ThreadPoolTaskExecutor [0;39m [2m:[0;39m Shutting down ExecutorService 'applicationTaskExecutor'
[2m2020-07-20 19:10:19.880[0;39m [32m INFO[0;39m [35m13276[0;39m [2m---[0;39m [2m[  restartedMain][0;39m [36m.e.DevToolsPropertyDefaultsPostProcessor[0;39m [2m:[0;39m Devtools property defaults active! Set 'spring.devtools.add-properties' to 'false' to disable
[2m2020-07-20 19:10:19.881[0;39m [32m INFO[0;39m [35m13276[0;39m [2m---[0;39m [2m[  restartedMain][0;39m [36m.e.DevToolsPropertyDefaultsPostProcessor[0;39m [2m:[0;39m For additional web related logging consider setting the 'logging.level.web' property to 'DEBUG'
[2m2020-07-20 19:10:20.565[0;39m [32m INFO[0;39m [35m13276[0;39m [2m---[0;39m [2m[  restartedMain][0;39m [36mtrationDelegate$BeanPostProcessorChecker[0;39m [2m:[0;39m Bean 'org.springframework.ws.config.annotation.DelegatingWsConfiguration' of type [org.springframework.ws.config.annotation.DelegatingWsConfiguration$$EnhancerBySpringCGLIB$$d886e390] is not eligible for getting processed by all BeanPostProcessors (for example: not eligible for auto-proxying)
[2m2020-07-20 19:10:20.585[0;39m [32m INFO[0;39m [35m13276[0;39m [2m---[0;39m [2m[  restartedMain][0;39m [36m.w.s.a.s.AnnotationActionEndpointMapping[0;39m [2m:[0;39m Supporting [WS-Addressing August 2004, WS-Addressing 1.0]
[2m2020-07-20 19:10:20.761[0;39m [32m INFO[0;39m [35m13276[0;39m [2m---[0;39m [2m[  restartedMain][0;39m [36mo.s.b.w.embedded.tomcat.TomcatWebServer [0;39m [2m:[0;39m Tomcat initialized with port(s): 9999 (http)
[2m2020-07-20 19:10:20.914[0;39m [32m INFO[0;39m [35m13276[0;39m [2m---[0;39m [2m[  restartedMain][0;39m [36mw.s.c.ServletWebServerApplicationContext[0;39m [2m:[0;39m Root WebApplicationContext: initialization completed in 1033 ms
[2m2020-07-20 19:10:21.295[0;39m [32m INFO[0;39m [35m13276[0;39m [2m---[0;39m [2m[  restartedMain][0;39m [36mo.s.s.concurrent.ThreadPoolTaskExecutor [0;39m [2m:[0;39m Initializing ExecutorService 'applicationTaskExecutor'
[2m2020-07-20 19:10:21.319[0;39m [32m INFO[0;39m [35m13276[0;39m [2m---[0;39m [2m[  restartedMain][0;39m [36mo.s.b.d.a.OptionalLiveReloadServer      [0;39m [2m:[0;39m LiveReload server is running on port 35729
[2m2020-07-20 19:10:21.381[0;39m [32m INFO[0;39m [35m13276[0;39m [2m---[0;39m [2m[  restartedMain][0;39m [36mo.s.b.a.w.s.WelcomePageHandlerMapping   [0;39m [2m:[0;39m Adding welcome page template: index
[2m2020-07-20 19:10:21.477[0;39m [32m INFO[0;39m [35m13276[0;39m [2m---[0;39m [2m[  restartedMain][0;39m [36mo.s.b.w.embedded.tomcat.TomcatWebServer [0;39m [2m:[0;39m Tomcat started on port(s): 9999 (http) with context path '/happyhouse'
[2m2020-07-20 19:10:49.111[0;39m [32m INFO[0;39m [35m13276[0;39m [2m---[0;39m [2m[nio-9999-exec-1][0;39m [36mo.s.web.servlet.DispatcherServlet       [0;39m [2m:[0;39m Initializing Servlet 'dispatcherServlet'
[2m2020-07-20 19:10:49.116[0;39m [32m INFO[0;39m [35m13276[0;39m [2m---[0;39m [2m[nio-9999-exec-1][0;39m [36mo.s.web.servlet.DispatcherServlet       [0;39m [2m:[0;39m Completed initialization in 4 ms
[2m2020-07-20 19:13:53.600[0;39m [32m INFO[0;39m [35m13276[0;39m [2m---[0;39m [2m[on(2)-127.0.0.1][0;39m [36minMXBeanRegistrar$SpringApplicationAdmin[0;39m [2m:[0;39m Application shutdown requested.
[2m2020-07-20 19:13:53.854[0;39m [32m INFO[0;39m [35m13276[0;39m [2m---[0;39m [2m[on(2)-127.0.0.1][0;39m [36mo.s.s.concurrent.ThreadPoolTaskExecutor [0;39m [2m:[0;39m Shutting down ExecutorService 'applicationTaskExecutor'
